C51 COMPILER V9.00   LQ12864                                                               05/10/2015 16:33:40 PAGE 1   


C51 COMPILER V9.00, COMPILATION OF MODULE LQ12864
OBJECT MODULE PLACED IN LQ12864.OBJ
COMPILER INVOKED BY: C:\Keil\C51\BIN\C51.EXE LQ12864.c BROWSE DEBUG OBJECTEXTEND

line level    source

   1          /********************************************
   2          OLED屏测试程序-STC&89C52 
   3          
   4          
   5          使用说明：
   6          OLED电源使用3.3V。   
   7          ----------------
   8          G    电源地
   9          3.3V 接3.3V电源
  10          SCL   P1.0  
  11          SDA      P1.1
  12          RST  P1.2 
  13          DC   P1.3
  14          ============================================
  15          OLED电源使用5V。   
  16          ----------------
  17          G    电源地
  18          3.3V 接5V电源，电源跟模块之间串接100欧姆电阻，并加3.3V钳位二极管
  19          SCL   P1.0 单片机跟模块之间串接1k-3.3k电阻 
  20          SDA      P1.1 单片机跟模块之间串接1k-3.3k电阻 
  21          RST  P1.2 单片机跟模块之间串接1k-3.3k电阻 
  22          DC   P1.3 单片机跟模块之间串接1k-3.3k电阻     
  23          ============================================     
  24          如果用户使用的是5V单片机，请看用户手册，切勿烧毁模块！ 
  25          *********************************************************/
  26          #include "stc.h"
  27          #include "intrins.h"
  28          #include "LQ12864.h"
  29           
  30          sbit LCD_SCL=P1^0;  
  31          sbit LCD_SDA=P1^1;
  32          sbit LCD_RST=P1^2; 
  33          sbit LCD_DC =P1^3; 
  34          
  35          #define XLevelL         0x00
  36          #define XLevelH         0x10
  37          #define XLevel          ((XLevelH&0x0F)*16+XLevelL)
  38          #define Max_Column      128
  39          #define Max_Row         64
  40          #define Brightness      0xCF 
  41          
  42          /*
  43          4线SPI使用说明：
  44          VBT 供内部DC-DC电压，3.3~4.3V，如果使用5V电压，为保险起见串一个100~500欧的电阻
  45          VCC 供内部逻辑电压 1.8~6V   
  46          GND 地
  47          
  48          BS0 低电平
  49          BS1 低电平
  50          BS2 低电平
  51          
  52          CS  片选管脚
  53          DC  命令数据选择管脚
  54          RES 模块复位管脚 
  55          D0（SCLK） ，时钟脚，由MCU控制
C51 COMPILER V9.00   LQ12864                                                               05/10/2015 16:33:40 PAGE 2   

  56          D1（MOSI） ，主输出从输入数据脚，由MCU控制
  57          
  58          D2 悬空      
  59          D3-D7 ， 低电平 ， 也可悬空，但最好设为低电平
  60          RD  低电平 ，也可悬空，但最好设为低电平
  61          RW  低电平 ，也可悬空，但最好设为低电平
  62          RD  低电平 ，也可悬空，但最好设为低电平   
  63          */
  64          
  65          #define X_WIDTH 128
  66          #define Y_WIDTH 64
  67          //======================================
  68          
  69          const unsigned char code F6x8[][6] =
  70          {
  71              { 0x00, 0x00, 0x00, 0x00, 0x00, 0x00 },   // sp
  72              { 0x00, 0x00, 0x00, 0x2f, 0x00, 0x00 },   // !
  73              { 0x00, 0x00, 0x07, 0x00, 0x07, 0x00 },   // "
  74              { 0x00, 0x14, 0x7f, 0x14, 0x7f, 0x14 },   // #
  75              { 0x00, 0x24, 0x2a, 0x7f, 0x2a, 0x12 },   // $
  76              { 0x00, 0x62, 0x64, 0x08, 0x13, 0x23 },   // %
  77              { 0x00, 0x36, 0x49, 0x55, 0x22, 0x50 },   // &
  78              { 0x00, 0x00, 0x05, 0x03, 0x00, 0x00 },   // '
  79              { 0x00, 0x00, 0x1c, 0x22, 0x41, 0x00 },   // (
  80              { 0x00, 0x00, 0x41, 0x22, 0x1c, 0x00 },   // )
  81              { 0x00, 0x14, 0x08, 0x3E, 0x08, 0x14 },   // *
  82              { 0x00, 0x08, 0x08, 0x3E, 0x08, 0x08 },   // +
  83              { 0x00, 0x00, 0x00, 0xA0, 0x60, 0x00 },   // ,
  84              { 0x00, 0x08, 0x08, 0x08, 0x08, 0x08 },   // -
  85              { 0x00, 0x00, 0x60, 0x60, 0x00, 0x00 },   // .
  86              { 0x00, 0x20, 0x10, 0x08, 0x04, 0x02 },   // /
  87              { 0x00, 0x3E, 0x51, 0x49, 0x45, 0x3E },   // 0
  88              { 0x00, 0x00, 0x42, 0x7F, 0x40, 0x00 },   // 1
  89              { 0x00, 0x42, 0x61, 0x51, 0x49, 0x46 },   // 2
  90              { 0x00, 0x21, 0x41, 0x45, 0x4B, 0x31 },   // 3
  91              { 0x00, 0x18, 0x14, 0x12, 0x7F, 0x10 },   // 4
  92              { 0x00, 0x27, 0x45, 0x45, 0x45, 0x39 },   // 5
  93              { 0x00, 0x3C, 0x4A, 0x49, 0x49, 0x30 },   // 6
  94              { 0x00, 0x01, 0x71, 0x09, 0x05, 0x03 },   // 7
  95              { 0x00, 0x36, 0x49, 0x49, 0x49, 0x36 },   // 8
  96              { 0x00, 0x06, 0x49, 0x49, 0x29, 0x1E },   // 9
  97              { 0x00, 0x00, 0x36, 0x36, 0x00, 0x00 },   // :
  98              { 0x00, 0x00, 0x56, 0x36, 0x00, 0x00 },   // ;
  99              { 0x00, 0x08, 0x14, 0x22, 0x41, 0x00 },   // <
 100              { 0x00, 0x14, 0x14, 0x14, 0x14, 0x14 },   // =
 101              { 0x00, 0x00, 0x41, 0x22, 0x14, 0x08 },   // >
 102              { 0x00, 0x02, 0x01, 0x51, 0x09, 0x06 },   // ?
 103              { 0x00, 0x32, 0x49, 0x59, 0x51, 0x3E },   // @
 104              { 0x00, 0x7C, 0x12, 0x11, 0x12, 0x7C },   // A
 105              { 0x00, 0x7F, 0x49, 0x49, 0x49, 0x36 },   // B
 106              { 0x00, 0x3E, 0x41, 0x41, 0x41, 0x22 },   // C
 107              { 0x00, 0x7F, 0x41, 0x41, 0x22, 0x1C },   // D
 108              { 0x00, 0x7F, 0x49, 0x49, 0x49, 0x41 },   // E
 109              { 0x00, 0x7F, 0x09, 0x09, 0x09, 0x01 },   // F
 110              { 0x00, 0x3E, 0x41, 0x49, 0x49, 0x7A },   // G
 111              { 0x00, 0x7F, 0x08, 0x08, 0x08, 0x7F },   // H
 112              { 0x00, 0x00, 0x41, 0x7F, 0x41, 0x00 },   // I
 113              { 0x00, 0x20, 0x40, 0x41, 0x3F, 0x01 },   // J
 114              { 0x00, 0x7F, 0x08, 0x14, 0x22, 0x41 },   // K
 115              { 0x00, 0x7F, 0x40, 0x40, 0x40, 0x40 },   // L
 116              { 0x00, 0x7F, 0x02, 0x0C, 0x02, 0x7F },   // M
 117              { 0x00, 0x7F, 0x04, 0x08, 0x10, 0x7F },   // N
C51 COMPILER V9.00   LQ12864                                                               05/10/2015 16:33:40 PAGE 3   

 118              { 0x00, 0x3E, 0x41, 0x41, 0x41, 0x3E },   // O
 119              { 0x00, 0x7F, 0x09, 0x09, 0x09, 0x06 },   // P
 120              { 0x00, 0x3E, 0x41, 0x51, 0x21, 0x5E },   // Q
 121              { 0x00, 0x7F, 0x09, 0x19, 0x29, 0x46 },   // R
 122              { 0x00, 0x46, 0x49, 0x49, 0x49, 0x31 },   // S
 123              { 0x00, 0x01, 0x01, 0x7F, 0x01, 0x01 },   // T
 124              { 0x00, 0x3F, 0x40, 0x40, 0x40, 0x3F },   // U
 125              { 0x00, 0x1F, 0x20, 0x40, 0x20, 0x1F },   // V
 126              { 0x00, 0x3F, 0x40, 0x38, 0x40, 0x3F },   // W
 127              { 0x00, 0x63, 0x14, 0x08, 0x14, 0x63 },   // X
 128              { 0x00, 0x07, 0x08, 0x70, 0x08, 0x07 },   // Y
 129              { 0x00, 0x61, 0x51, 0x49, 0x45, 0x43 },   // Z
 130              { 0x00, 0x00, 0x7F, 0x41, 0x41, 0x00 },   // [
 131              { 0x00, 0x55, 0x2A, 0x55, 0x2A, 0x55 },   // 55
 132              { 0x00, 0x00, 0x41, 0x41, 0x7F, 0x00 },   // ]
 133              { 0x00, 0x04, 0x02, 0x01, 0x02, 0x04 },   // ^
 134              { 0x00, 0x40, 0x40, 0x40, 0x40, 0x40 },   // _
 135              { 0x00, 0x00, 0x01, 0x02, 0x04, 0x00 },   // '
 136              { 0x00, 0x20, 0x54, 0x54, 0x54, 0x78 },   // a
 137              { 0x00, 0x7F, 0x48, 0x44, 0x44, 0x38 },   // b
 138              { 0x00, 0x38, 0x44, 0x44, 0x44, 0x20 },   // c
 139              { 0x00, 0x38, 0x44, 0x44, 0x48, 0x7F },   // d
 140              { 0x00, 0x38, 0x54, 0x54, 0x54, 0x18 },   // e
 141              { 0x00, 0x08, 0x7E, 0x09, 0x01, 0x02 },   // f
 142              { 0x00, 0x18, 0xA4, 0xA4, 0xA4, 0x7C },   // g
 143              { 0x00, 0x7F, 0x08, 0x04, 0x04, 0x78 },   // h
 144              { 0x00, 0x00, 0x44, 0x7D, 0x40, 0x00 },   // i
 145              { 0x00, 0x40, 0x80, 0x84, 0x7D, 0x00 },   // j
 146              { 0x00, 0x7F, 0x10, 0x28, 0x44, 0x00 },   // k
 147              { 0x00, 0x00, 0x41, 0x7F, 0x40, 0x00 },   // l
 148              { 0x00, 0x7C, 0x04, 0x18, 0x04, 0x78 },   // m
 149              { 0x00, 0x7C, 0x08, 0x04, 0x04, 0x78 },   // n
 150              { 0x00, 0x38, 0x44, 0x44, 0x44, 0x38 },   // o
 151              { 0x00, 0xFC, 0x24, 0x24, 0x24, 0x18 },   // p
 152              { 0x00, 0x18, 0x24, 0x24, 0x18, 0xFC },   // q
 153              { 0x00, 0x7C, 0x08, 0x04, 0x04, 0x08 },   // r
 154              { 0x00, 0x48, 0x54, 0x54, 0x54, 0x20 },   // s
 155              { 0x00, 0x04, 0x3F, 0x44, 0x40, 0x20 },   // t
 156              { 0x00, 0x3C, 0x40, 0x40, 0x20, 0x7C },   // u
 157              { 0x00, 0x1C, 0x20, 0x40, 0x20, 0x1C },   // v
 158              { 0x00, 0x3C, 0x40, 0x30, 0x40, 0x3C },   // w
 159              { 0x00, 0x44, 0x28, 0x10, 0x28, 0x44 },   // x
 160              { 0x00, 0x1C, 0xA0, 0xA0, 0xA0, 0x7C },   // y
 161              { 0x00, 0x44, 0x64, 0x54, 0x4C, 0x44 },   // z
 162              { 0x14, 0x14, 0x14, 0x14, 0x14, 0x14 }    // horiz lines
 163          };
 164          
 165          const unsigned char F14x16[] = {  
 166                  0x10,0x10,0x10,0x10,0x10,0xFF,0x10,0xF0,0x12,0x1C,0xD0,0x10,0x10,0x10,
 167                  0x40,0x20,0x10,0x0C,0x03,0x10,0x08,0x3F,0x42,0x41,0x40,0x40,0x40,0x70,//龙
 168                  0x00,0x00,0xFE,0x84,0x84,0x84,0x84,0x82,0x82,0x82,0x82,0xC0,0x80,0x00,
 169                  0x20,0x20,0x3F,0x20,0x20,0x20,0x20,0x20,0x3F,0x20,0x20,0x20,0x30,0x20,//丘
 170                  0x14,0x13,0x92,0x7E,0x32,0x52,0x92,0x00,0x7C,0x44,0x44,0x44,0x7C,0x00,
 171                  0x01,0x01,0x00,0xFF,0x49,0x49,0x49,0x49,0x49,0x49,0xFF,0x00,0x00,0x00,//智
 172                  0xB8,0x97,0x92,0x90,0x94,0xB8,0x10,0x00,0x7F,0x48,0x48,0x44,0x74,0x20,
 173                  0xFF,0x0A,0x0A,0x4A,0x8A,0x7F,0x00,0x00,0x3F,0x44,0x44,0x42,0x72,0x20,//能      
 174          };
 175          /*
 176          const unsigned char code F14x16_Idx[] = 
 177          {
 178                  "北京龙丘邱科技智能车首选液晶"
 179          };
C51 COMPILER V9.00   LQ12864                                                               05/10/2015 16:33:40 PAGE 4   

 180          const unsigned char F14x16[] = {        
 181          0x20,0x20,0x20,0x20,0xFF,0x00,0x00,0x00,0xFF,0x40,0x20,0x30,0x18,0x10,
 182          0x30,0x18,0x08,0x04,0x7F,0x00,0x00,0x00,0x3F,0x40,0x40,0x40,0x40,0x78,//北0
 183          0x04,0x04,0xE4,0x24,0x24,0x25,0x26,0x24,0x24,0x24,0xE4,0x06,0x04,0x00,
 184          0x20,0x10,0x19,0x0D,0x41,0x81,0x7F,0x01,0x01,0x05,0x0D,0x38,0x10,0x00,//京1
 185          0x10,0x10,0x10,0x10,0x10,0xFF,0x10,0xF0,0x12,0x1C,0xD0,0x10,0x10,0x10,
 186          0x40,0x20,0x10,0x0C,0x03,0x10,0x08,0x3F,0x42,0x41,0x40,0x40,0x40,0x70,//龙2
 187          0x00,0x00,0xFE,0x84,0x84,0x84,0x84,0x82,0x82,0x82,0x82,0xC0,0x80,0x00,
 188          0x20,0x20,0x3F,0x20,0x20,0x20,0x20,0x20,0x3F,0x20,0x20,0x20,0x30,0x20,//丘3
 189          0x00,0xFC,0x24,0x24,0xE2,0x22,0x22,0x00,0xFE,0x02,0x22,0x52,0x8E,0x02,
 190          0x10,0x1F,0x10,0x08,0x0F,0x08,0x08,0x00,0xFF,0x00,0x08,0x08,0x10,0x0F,//邱4
 191          0x12,0x92,0x72,0xFE,0x51,0x91,0x00,0x22,0xCC,0x00,0x00,0xFF,0x00,0x00,
 192          0x02,0x01,0x00,0xFF,0x00,0x04,0x04,0x04,0x02,0x02,0x02,0xFF,0x01,0x01,//科5
 193          0x08,0x88,0xFF,0x48,0x28,0x00,0xC8,0x48,0x48,0x7F,0x48,0xC8,0x48,0x08,
 194          0x41,0x80,0x7F,0x00,0x40,0x40,0x20,0x13,0x0C,0x0C,0x12,0x21,0x60,0x20,//技6     
 195          0x14,0x13,0x92,0x7E,0x32,0x52,0x92,0x00,0x7C,0x44,0x44,0x44,0x7C,0x00,
 196          0x01,0x01,0x00,0xFF,0x49,0x49,0x49,0x49,0x49,0x49,0xFF,0x00,0x00,0x00,//智10
 197          0xB8,0x97,0x92,0x90,0x94,0xB8,0x10,0x00,0x7F,0x48,0x48,0x44,0x74,0x20,
 198          0xFF,0x0A,0x0A,0x4A,0x8A,0x7F,0x00,0x00,0x3F,0x44,0x44,0x42,0x72,0x20,//能11
 199          0x04,0x84,0xC4,0xA4,0x9C,0x87,0x84,0xF4,0x84,0x84,0x84,0x84,0x84,0x00,
 200          0x04,0x04,0x04,0x04,0x04,0x04,0x04,0xFF,0x04,0x04,0x04,0x04,0x04,0x04,//车12
 201          0x04,0x04,0xE4,0x25,0x26,0x34,0x2C,0x24,0x24,0x26,0xE5,0x04,0x04,0x04,
 202          0x00,0x00,0x7F,0x25,0x25,0x25,0x25,0x25,0x25,0x25,0x7F,0x00,0x00,0x00,//首13
 203          0x40,0x42,0xCC,0x00,0x50,0x4E,0xC8,0x48,0x7F,0xC8,0x48,0x48,0x40,0x00,
 204          0x40,0x20,0x1F,0x20,0x48,0x46,0x41,0x40,0x40,0x47,0x48,0x48,0x4E,0x40,//选14
 205          0x61,0x06,0xE0,0x18,0x84,0xE4,0x1C,0x84,0x65,0xBE,0x24,0xA4,0x64,0x04,
 206          0x04,0xFF,0x00,0x01,0x00,0xFF,0x41,0x21,0x12,0x0C,0x1B,0x61,0xC0,0x40,//液15
 207          0x00,0x00,0x00,0x7E,0x2A,0x2A,0x2A,0x2A,0x2A,0x2A,0x7E,0x00,0x00,0x00,
 208          0x7F,0x25,0x25,0x25,0x25,0x7F,0x00,0x00,0x7F,0x25,0x25,0x25,0x25,0x7F,//晶16   
 209          };
 210          */
 211          
 212          //======================================================
 213          // 128X64I液晶底层驱动[8X16]字体库
 214          // 设计者: powerint
 215          // 描  述: [8X16]西文字符的字模数据 (纵向取模,字节倒序)
 216          // !"#$%&'()*+,-./0123456789:;<=>?@ABCDEFGHIJKLMNOPQRSTUVWXYZ[\]^_`abcdefghijklmnopqrstuvwxyz{|}~
 217          //======================================================
 218          
 219          const unsigned char code F8X16[]=
 220          {
 221            0x00,0x00,0x00,0x00,0x00,0x00,0x00,0x00,0x00,0x00,0x00,0x00,0x00,0x00,0x00,0x00,// 0
 222            0x00,0x00,0x00,0xF8,0x00,0x00,0x00,0x00,0x00,0x00,0x00,0x33,0x30,0x00,0x00,0x00,//!1
 223            0x00,0x10,0x0C,0x06,0x10,0x0C,0x06,0x00,0x00,0x00,0x00,0x00,0x00,0x00,0x00,0x00,//"2
 224            0x40,0xC0,0x78,0x40,0xC0,0x78,0x40,0x00,0x04,0x3F,0x04,0x04,0x3F,0x04,0x04,0x00,//#3
 225            0x00,0x70,0x88,0xFC,0x08,0x30,0x00,0x00,0x00,0x18,0x20,0xFF,0x21,0x1E,0x00,0x00,//$4
 226            0xF0,0x08,0xF0,0x00,0xE0,0x18,0x00,0x00,0x00,0x21,0x1C,0x03,0x1E,0x21,0x1E,0x00,//%5
 227            0x00,0xF0,0x08,0x88,0x70,0x00,0x00,0x00,0x1E,0x21,0x23,0x24,0x19,0x27,0x21,0x10,//&6
 228            0x10,0x16,0x0E,0x00,0x00,0x00,0x00,0x00,0x00,0x00,0x00,0x00,0x00,0x00,0x00,0x00,//'7
 229            0x00,0x00,0x00,0xE0,0x18,0x04,0x02,0x00,0x00,0x00,0x00,0x07,0x18,0x20,0x40,0x00,//(8
 230            0x00,0x02,0x04,0x18,0xE0,0x00,0x00,0x00,0x00,0x40,0x20,0x18,0x07,0x00,0x00,0x00,//)9
 231            0x40,0x40,0x80,0xF0,0x80,0x40,0x40,0x00,0x02,0x02,0x01,0x0F,0x01,0x02,0x02,0x00,//*10
 232            0x00,0x00,0x00,0xF0,0x00,0x00,0x00,0x00,0x01,0x01,0x01,0x1F,0x01,0x01,0x01,0x00,//+11
 233            0x00,0x00,0x00,0x00,0x00,0x00,0x00,0x00,0x80,0xB0,0x70,0x00,0x00,0x00,0x00,0x00,//,12
 234            0x00,0x00,0x00,0x00,0x00,0x00,0x00,0x00,0x00,0x01,0x01,0x01,0x01,0x01,0x01,0x01,//-13
 235            0x00,0x00,0x00,0x00,0x00,0x00,0x00,0x00,0x00,0x30,0x30,0x00,0x00,0x00,0x00,0x00,//.14
 236            0x00,0x00,0x00,0x00,0x80,0x60,0x18,0x04,0x00,0x60,0x18,0x06,0x01,0x00,0x00,0x00,///15
 237            0x00,0xE0,0x10,0x08,0x08,0x10,0xE0,0x00,0x00,0x0F,0x10,0x20,0x20,0x10,0x0F,0x00,//016
 238            0x00,0x10,0x10,0xF8,0x00,0x00,0x00,0x00,0x00,0x20,0x20,0x3F,0x20,0x20,0x00,0x00,//117
 239            0x00,0x70,0x08,0x08,0x08,0x88,0x70,0x00,0x00,0x30,0x28,0x24,0x22,0x21,0x30,0x00,//218
 240            0x00,0x30,0x08,0x88,0x88,0x48,0x30,0x00,0x00,0x18,0x20,0x20,0x20,0x11,0x0E,0x00,//319
 241            0x00,0x00,0xC0,0x20,0x10,0xF8,0x00,0x00,0x00,0x07,0x04,0x24,0x24,0x3F,0x24,0x00,//420
C51 COMPILER V9.00   LQ12864                                                               05/10/2015 16:33:40 PAGE 5   

 242            0x00,0xF8,0x08,0x88,0x88,0x08,0x08,0x00,0x00,0x19,0x21,0x20,0x20,0x11,0x0E,0x00,//521
 243            0x00,0xE0,0x10,0x88,0x88,0x18,0x00,0x00,0x00,0x0F,0x11,0x20,0x20,0x11,0x0E,0x00,//622
 244            0x00,0x38,0x08,0x08,0xC8,0x38,0x08,0x00,0x00,0x00,0x00,0x3F,0x00,0x00,0x00,0x00,//723
 245            0x00,0x70,0x88,0x08,0x08,0x88,0x70,0x00,0x00,0x1C,0x22,0x21,0x21,0x22,0x1C,0x00,//824
 246            0x00,0xE0,0x10,0x08,0x08,0x10,0xE0,0x00,0x00,0x00,0x31,0x22,0x22,0x11,0x0F,0x00,//925
 247            0x00,0x00,0x00,0xC0,0xC0,0x00,0x00,0x00,0x00,0x00,0x00,0x30,0x30,0x00,0x00,0x00,//:26
 248            0x00,0x00,0x00,0x80,0x00,0x00,0x00,0x00,0x00,0x00,0x80,0x60,0x00,0x00,0x00,0x00,//;27
 249            0x00,0x00,0x80,0x40,0x20,0x10,0x08,0x00,0x00,0x01,0x02,0x04,0x08,0x10,0x20,0x00,//<28
 250            0x40,0x40,0x40,0x40,0x40,0x40,0x40,0x00,0x04,0x04,0x04,0x04,0x04,0x04,0x04,0x00,//=29
 251            0x00,0x08,0x10,0x20,0x40,0x80,0x00,0x00,0x00,0x20,0x10,0x08,0x04,0x02,0x01,0x00,//>30
 252            0x00,0x70,0x48,0x08,0x08,0x08,0xF0,0x00,0x00,0x00,0x00,0x30,0x36,0x01,0x00,0x00,//?31
 253            0xC0,0x30,0xC8,0x28,0xE8,0x10,0xE0,0x00,0x07,0x18,0x27,0x24,0x23,0x14,0x0B,0x00,//@32
 254            0x00,0x00,0xC0,0x38,0xE0,0x00,0x00,0x00,0x20,0x3C,0x23,0x02,0x02,0x27,0x38,0x20,//A33
 255            0x08,0xF8,0x88,0x88,0x88,0x70,0x00,0x00,0x20,0x3F,0x20,0x20,0x20,0x11,0x0E,0x00,//B34
 256            0xC0,0x30,0x08,0x08,0x08,0x08,0x38,0x00,0x07,0x18,0x20,0x20,0x20,0x10,0x08,0x00,//C35
 257            0x08,0xF8,0x08,0x08,0x08,0x10,0xE0,0x00,0x20,0x3F,0x20,0x20,0x20,0x10,0x0F,0x00,//D36
 258            0x08,0xF8,0x88,0x88,0xE8,0x08,0x10,0x00,0x20,0x3F,0x20,0x20,0x23,0x20,0x18,0x00,//E37
 259            0x08,0xF8,0x88,0x88,0xE8,0x08,0x10,0x00,0x20,0x3F,0x20,0x00,0x03,0x00,0x00,0x00,//F38
 260            0xC0,0x30,0x08,0x08,0x08,0x38,0x00,0x00,0x07,0x18,0x20,0x20,0x22,0x1E,0x02,0x00,//G39
 261            0x08,0xF8,0x08,0x00,0x00,0x08,0xF8,0x08,0x20,0x3F,0x21,0x01,0x01,0x21,0x3F,0x20,//H40
 262            0x00,0x08,0x08,0xF8,0x08,0x08,0x00,0x00,0x00,0x20,0x20,0x3F,0x20,0x20,0x00,0x00,//I41
 263            0x00,0x00,0x08,0x08,0xF8,0x08,0x08,0x00,0xC0,0x80,0x80,0x80,0x7F,0x00,0x00,0x00,//J42
 264            0x08,0xF8,0x88,0xC0,0x28,0x18,0x08,0x00,0x20,0x3F,0x20,0x01,0x26,0x38,0x20,0x00,//K43
 265            0x08,0xF8,0x08,0x00,0x00,0x00,0x00,0x00,0x20,0x3F,0x20,0x20,0x20,0x20,0x30,0x00,//L44
 266            0x08,0xF8,0xF8,0x00,0xF8,0xF8,0x08,0x00,0x20,0x3F,0x00,0x3F,0x00,0x3F,0x20,0x00,//M45
 267            0x08,0xF8,0x30,0xC0,0x00,0x08,0xF8,0x08,0x20,0x3F,0x20,0x00,0x07,0x18,0x3F,0x00,//N46
 268            0xE0,0x10,0x08,0x08,0x08,0x10,0xE0,0x00,0x0F,0x10,0x20,0x20,0x20,0x10,0x0F,0x00,//O47
 269            0x08,0xF8,0x08,0x08,0x08,0x08,0xF0,0x00,0x20,0x3F,0x21,0x01,0x01,0x01,0x00,0x00,//P48
 270            0xE0,0x10,0x08,0x08,0x08,0x10,0xE0,0x00,0x0F,0x18,0x24,0x24,0x38,0x50,0x4F,0x00,//Q49
 271            0x08,0xF8,0x88,0x88,0x88,0x88,0x70,0x00,0x20,0x3F,0x20,0x00,0x03,0x0C,0x30,0x20,//R50
 272            0x00,0x70,0x88,0x08,0x08,0x08,0x38,0x00,0x00,0x38,0x20,0x21,0x21,0x22,0x1C,0x00,//S51
 273            0x18,0x08,0x08,0xF8,0x08,0x08,0x18,0x00,0x00,0x00,0x20,0x3F,0x20,0x00,0x00,0x00,//T52
 274            0x08,0xF8,0x08,0x00,0x00,0x08,0xF8,0x08,0x00,0x1F,0x20,0x20,0x20,0x20,0x1F,0x00,//U53
 275            0x08,0x78,0x88,0x00,0x00,0xC8,0x38,0x08,0x00,0x00,0x07,0x38,0x0E,0x01,0x00,0x00,//V54
 276            0xF8,0x08,0x00,0xF8,0x00,0x08,0xF8,0x00,0x03,0x3C,0x07,0x00,0x07,0x3C,0x03,0x00,//W55
 277            0x08,0x18,0x68,0x80,0x80,0x68,0x18,0x08,0x20,0x30,0x2C,0x03,0x03,0x2C,0x30,0x20,//X56
 278            0x08,0x38,0xC8,0x00,0xC8,0x38,0x08,0x00,0x00,0x00,0x20,0x3F,0x20,0x00,0x00,0x00,//Y57
 279            0x10,0x08,0x08,0x08,0xC8,0x38,0x08,0x00,0x20,0x38,0x26,0x21,0x20,0x20,0x18,0x00,//Z58
 280            0x00,0x00,0x00,0xFE,0x02,0x02,0x02,0x00,0x00,0x00,0x00,0x7F,0x40,0x40,0x40,0x00,//[59
 281            0x00,0x0C,0x30,0xC0,0x00,0x00,0x00,0x00,0x00,0x00,0x00,0x01,0x06,0x38,0xC0,0x00,//\60
 282            0x00,0x02,0x02,0x02,0xFE,0x00,0x00,0x00,0x00,0x40,0x40,0x40,0x7F,0x00,0x00,0x00,//]61
 283            0x00,0x00,0x04,0x02,0x02,0x02,0x04,0x00,0x00,0x00,0x00,0x00,0x00,0x00,0x00,0x00,//^62
 284            0x00,0x00,0x00,0x00,0x00,0x00,0x00,0x00,0x80,0x80,0x80,0x80,0x80,0x80,0x80,0x80,//_63
 285            0x00,0x02,0x02,0x04,0x00,0x00,0x00,0x00,0x00,0x00,0x00,0x00,0x00,0x00,0x00,0x00,//`64
 286            0x00,0x00,0x80,0x80,0x80,0x80,0x00,0x00,0x00,0x19,0x24,0x22,0x22,0x22,0x3F,0x20,//a65
 287            0x08,0xF8,0x00,0x80,0x80,0x00,0x00,0x00,0x00,0x3F,0x11,0x20,0x20,0x11,0x0E,0x00,//b66
 288            0x00,0x00,0x00,0x80,0x80,0x80,0x00,0x00,0x00,0x0E,0x11,0x20,0x20,0x20,0x11,0x00,//c67
 289            0x00,0x00,0x00,0x80,0x80,0x88,0xF8,0x00,0x00,0x0E,0x11,0x20,0x20,0x10,0x3F,0x20,//d68
 290            0x00,0x00,0x80,0x80,0x80,0x80,0x00,0x00,0x00,0x1F,0x22,0x22,0x22,0x22,0x13,0x00,//e69
 291            0x00,0x80,0x80,0xF0,0x88,0x88,0x88,0x18,0x00,0x20,0x20,0x3F,0x20,0x20,0x00,0x00,//f70
 292            0x00,0x00,0x80,0x80,0x80,0x80,0x80,0x00,0x00,0x6B,0x94,0x94,0x94,0x93,0x60,0x00,//g71
 293            0x08,0xF8,0x00,0x80,0x80,0x80,0x00,0x00,0x20,0x3F,0x21,0x00,0x00,0x20,0x3F,0x20,//h72
 294            0x00,0x80,0x98,0x98,0x00,0x00,0x00,0x00,0x00,0x20,0x20,0x3F,0x20,0x20,0x00,0x00,//i73
 295            0x00,0x00,0x00,0x80,0x98,0x98,0x00,0x00,0x00,0xC0,0x80,0x80,0x80,0x7F,0x00,0x00,//j74
 296            0x08,0xF8,0x00,0x00,0x80,0x80,0x80,0x00,0x20,0x3F,0x24,0x02,0x2D,0x30,0x20,0x00,//k75
 297            0x00,0x08,0x08,0xF8,0x00,0x00,0x00,0x00,0x00,0x20,0x20,0x3F,0x20,0x20,0x00,0x00,//l76
 298            0x80,0x80,0x80,0x80,0x80,0x80,0x80,0x00,0x20,0x3F,0x20,0x00,0x3F,0x20,0x00,0x3F,//m77
 299            0x80,0x80,0x00,0x80,0x80,0x80,0x00,0x00,0x20,0x3F,0x21,0x00,0x00,0x20,0x3F,0x20,//n78
 300            0x00,0x00,0x80,0x80,0x80,0x80,0x00,0x00,0x00,0x1F,0x20,0x20,0x20,0x20,0x1F,0x00,//o79
 301            0x80,0x80,0x00,0x80,0x80,0x00,0x00,0x00,0x80,0xFF,0xA1,0x20,0x20,0x11,0x0E,0x00,//p80
 302            0x00,0x00,0x00,0x80,0x80,0x80,0x80,0x00,0x00,0x0E,0x11,0x20,0x20,0xA0,0xFF,0x80,//q81
 303            0x80,0x80,0x80,0x00,0x80,0x80,0x80,0x00,0x20,0x20,0x3F,0x21,0x20,0x00,0x01,0x00,//r82
C51 COMPILER V9.00   LQ12864                                                               05/10/2015 16:33:40 PAGE 6   

 304            0x00,0x00,0x80,0x80,0x80,0x80,0x80,0x00,0x00,0x33,0x24,0x24,0x24,0x24,0x19,0x00,//s83
 305            0x00,0x80,0x80,0xE0,0x80,0x80,0x00,0x00,0x00,0x00,0x00,0x1F,0x20,0x20,0x00,0x00,//t84
 306            0x80,0x80,0x00,0x00,0x00,0x80,0x80,0x00,0x00,0x1F,0x20,0x20,0x20,0x10,0x3F,0x20,//u85
 307            0x80,0x80,0x80,0x00,0x00,0x80,0x80,0x80,0x00,0x01,0x0E,0x30,0x08,0x06,0x01,0x00,//v86
 308            0x80,0x80,0x00,0x80,0x00,0x80,0x80,0x80,0x0F,0x30,0x0C,0x03,0x0C,0x30,0x0F,0x00,//w87
 309            0x00,0x80,0x80,0x00,0x80,0x80,0x80,0x00,0x00,0x20,0x31,0x2E,0x0E,0x31,0x20,0x00,//x88
 310            0x80,0x80,0x80,0x00,0x00,0x80,0x80,0x80,0x80,0x81,0x8E,0x70,0x18,0x06,0x01,0x00,//y89
 311            0x00,0x80,0x80,0x80,0x80,0x80,0x80,0x00,0x00,0x21,0x30,0x2C,0x22,0x21,0x30,0x00,//z90
 312            0x00,0x00,0x00,0x00,0x80,0x7C,0x02,0x02,0x00,0x00,0x00,0x00,0x00,0x3F,0x40,0x40,//{91
 313            0x00,0x00,0x00,0x00,0xFF,0x00,0x00,0x00,0x00,0x00,0x00,0x00,0xFF,0x00,0x00,0x00,//|92
 314            0x00,0x02,0x02,0x7C,0x80,0x00,0x00,0x00,0x00,0x40,0x40,0x3F,0x00,0x00,0x00,0x00,//}93
 315            0x00,0x06,0x01,0x01,0x02,0x02,0x04,0x04,0x00,0x00,0x00,0x00,0x00,0x00,0x00,0x00,//~94
 316          
 317          };
 318          
 319          
 320          void LCD_WrDat(unsigned char dat)
 321          {
 322   1              unsigned char i=8;
 323   1              //LCD_CS=0;;
 324   1              LCD_DC=1;;
 325   1        LCD_SCL=0;;
 326   1        //;;    
 327   1        while(i--)
 328   1        {
 329   2          if(dat&0x80){LCD_SDA=1;}
 330   2          else{LCD_SDA=0;}
 331   2          LCD_SCL=1; 
 332   2          ;;;
 333   2                      //;;            
 334   2          LCD_SCL=0;;    
 335   2          dat<<=1;    
 336   2        }
 337   1              //LCD_CS=1;
 338   1      }
 339          void LCD_WrCmd(unsigned char cmd)
 340          {
 341   1              unsigned char i=8;
 342   1              
 343   1              //LCD_CS=0;;
 344   1              LCD_DC=0;;
 345   1        LCD_SCL=0;;
 346   1        //;;   
 347   1        while(i--)
 348   1        {
 349   2          if(cmd&0x80){LCD_SDA=1;}
 350   2          else{LCD_SDA=0;;}
 351   2          LCD_SCL=1;;
 352   2          ;;;
 353   2                      //;;             
 354   2          LCD_SCL=0;;    
 355   2          cmd<<=1;;   
 356   2        }     
 357   1              //LCD_CS=1;
 358   1      }
 359          void LCD_Set_Pos(unsigned char x, unsigned char y)
 360          { 
 361   1        LCD_WrCmd(0xb0+y);
 362   1        LCD_WrCmd(((x&0xf0)>>4)|0x10);
 363   1        LCD_WrCmd((x&0x0f)|0x00); 
 364   1      } 
 365          void LCD_Fill(unsigned char bmp_dat)
C51 COMPILER V9.00   LQ12864                                                               05/10/2015 16:33:40 PAGE 7   

 366          {
 367   1              unsigned char y,x;
 368   1              
 369   1              for(y=0;y<8;y++)
 370   1              {
 371   2                      LCD_WrCmd(0xb0+y);
 372   2                      LCD_WrCmd(0x01);
 373   2                      LCD_WrCmd(0x10);
 374   2                      for(x=0;x<X_WIDTH;x++)
 375   2                              LCD_WrDat(bmp_dat);
 376   2              }
 377   1      }
 378          void LCD_CLS(void)
 379          {
 380   1              unsigned char y,x;      
 381   1              for(y=0;y<8;y++)
 382   1              {
 383   2                      LCD_WrCmd(0xb0+y);
 384   2                      LCD_WrCmd(0x01);
 385   2                      LCD_WrCmd(0x10); 
 386   2                      for(x=0;x<X_WIDTH;x++)
 387   2                              LCD_WrDat(0);
 388   2              }
 389   1      }
 390          void LCD_DLY_ms(unsigned int ms)
 391          {                         
 392   1        unsigned int a;
 393   1        while(ms)
 394   1        {
 395   2          a=1335;
 396   2          while(a--);
 397   2          ms--;
 398   2        }
 399   1        return;
 400   1      } 
 401          void LCD_Init(void)        
 402          {  
 403   1              LCD_SCL=1;
 404   1              //LCD_CS=1;     //预制SLK和SS为高电平   
 405   1              LCD_RST=0;
 406   1              LCD_DLY_ms(50);
 407   1              LCD_RST=1;
 408   1              
 409   1              //从上电到下面开始初始化要有足够的时间，即等待RC复位完毕   
 410   1        
 411   1        LCD_WrCmd(0xae);//--turn off oled panel
 412   1        LCD_WrCmd(0x00);//---set low column address
 413   1        LCD_WrCmd(0x10);//---set high column address
 414   1        LCD_WrCmd(0x40);//--set start line address  Set Mapping RAM Display Start Line (0x00~0x3F)
 415   1        LCD_WrCmd(0x81);//--set contrast control register
 416   1        LCD_WrCmd(0xcf); // Set SEG Output Current Brightness
 417   1        LCD_WrCmd(0xa1);//--Set SEG/Column Mapping     0xa0左右反置 0xa1正常
 418   1        LCD_WrCmd(0xc8);//Set COM/Row Scan Direction   0xc0上下反置 0xc8正常
 419   1        LCD_WrCmd(0xa6);//--set normal display
 420   1        LCD_WrCmd(0xa8);//--set multiplex ratio(1 to 64)
 421   1        LCD_WrCmd(0x3f);//--1/64 duty
 422   1        LCD_WrCmd(0xd3);//-set display offset Shift Mapping RAM Counter (0x00~0x3F)
 423   1        LCD_WrCmd(0x00);//-not offset
 424   1        LCD_WrCmd(0xd5);//--set display clock divide ratio/oscillator frequency
 425   1        LCD_WrCmd(0x80);//--set divide ratio, Set Clock as 100 Frames/Sec
 426   1        LCD_WrCmd(0xd9);//--set pre-charge period
 427   1        LCD_WrCmd(0xf1);//Set Pre-Charge as 15 Clocks & Discharge as 1 Clock
C51 COMPILER V9.00   LQ12864                                                               05/10/2015 16:33:40 PAGE 8   

 428   1        LCD_WrCmd(0xda);//--set com pins hardware configuration
 429   1        LCD_WrCmd(0x12);
 430   1        LCD_WrCmd(0xdb);//--set vcomh
 431   1        LCD_WrCmd(0x40);//Set VCOM Deselect Level
 432   1        LCD_WrCmd(0x20);//-Set Page Addressing Mode (0x00/0x01/0x02)
 433   1        LCD_WrCmd(0x02);//
 434   1        LCD_WrCmd(0x8d);//--set Charge Pump enable/disable
 435   1        LCD_WrCmd(0x14);//--set(0x10) disable
 436   1        LCD_WrCmd(0xa4);// Disable Entire Display On (0xa4/0xa5)
 437   1        LCD_WrCmd(0xa6);// Disable Inverse Display On (0xa6/a7) 
 438   1        LCD_WrCmd(0xaf);//--turn on oled panel
 439   1        LCD_Fill(0x00);  //初始清屏
 440   1        LCD_Set_Pos(0,0);     
 441   1      } 
 442          
 443          //==============================================================
 444          //函数名：LCD_P6x8Str(unsigned char x,unsigned char y,unsigned char *p)
 445          //功能描述：写入一组标准ASCII字符串
 446          //参数：显示的位置（x,y），y为页范围0～7，要显示的字符串
 447          //返回：无
 448          //==============================================================  
 449          void LCD_P6x8Str(unsigned char x,unsigned char y,unsigned char ch[])
 450          {
 451   1        unsigned char c=0,i=0,j=0;      
 452   1        while (ch[j]!='\0')
 453   1        {    
 454   2          c =ch[j]-32;
 455   2          if(x>126){x=0;y++;}
 456   2          LCD_Set_Pos(x,y);    
 457   2              for(i=0;i<6;i++)     
 458   2                LCD_WrDat(F6x8[c][i]);  
 459   2              x+=6;
 460   2              j++;
 461   2        }
 462   1      }
 463          //==============================================================
 464          //函数名：LCD_P8x16Str(unsigned char x,unsigned char y,unsigned char *p)
 465          //功能描述：写入一组标准ASCII字符串
 466          //参数：显示的位置（x,y），y为页范围0～7，要显示的字符串
 467          //返回：无
 468          //============================================================== 
 469           
 470          void LCD_P8x16Str(unsigned char x,unsigned char y,unsigned char ch[])
 471          {
 472   1        unsigned char c=0,i=0,j=0;
 473   1              
 474   1        while (ch[j]!='\0')
 475   1        {    
 476   2          c =ch[j]-32;
 477   2          if(x>120){x=0;y++;}
 478   2          LCD_Set_Pos(x,y);    
 479   2              for(i=0;i<8;i++)     
 480   2                LCD_WrDat(F8X16[c*16+i]);
 481   2              LCD_Set_Pos(x,y+1);    
 482   2              for(i=0;i<8;i++)     
 483   2                LCD_WrDat(F8X16[c*16+i+8]);  
 484   2              x+=8;
 485   2              j++;
 486   2        }
 487   1      }
 488          
 489          //输出汉字字符串
C51 COMPILER V9.00   LQ12864                                                               05/10/2015 16:33:40 PAGE 9   

 490          void LCD_P14x16Ch(unsigned char x,unsigned char y,unsigned char N)
 491          {
 492   1              unsigned char wm=0,ii = 0;
 493   1              unsigned int adder=28*N;        
 494   1              LCD_Set_Pos(x , y);
 495   1              for(wm = 0;wm < 14;wm++)               
 496   1              {
 497   2                      LCD_WrDat(F14x16[adder]);       
 498   2                      adder += 1;
 499   2              }      
 500   1              LCD_Set_Pos(x,y + 1); 
 501   1              for(wm = 0;wm < 14;wm++)          
 502   1              {
 503   2                      LCD_WrDat(F14x16[adder]);
 504   2                      adder += 1;
 505   2              }               
 506   1      }
 507          
 508          
 509          
*** WARNING C316 IN LINE 509 OF LQ12864.c: unterminated conditionals


MODULE INFORMATION:   STATIC OVERLAYABLE
   CODE SIZE        =    654    ----
   CONSTANT SIZE    =   2072    ----
   XDATA SIZE       =   ----    ----
   PDATA SIZE       =   ----    ----
   DATA SIZE        =    112      16
   IDATA SIZE       =   ----    ----
   BIT SIZE         =   ----    ----
END OF MODULE INFORMATION.


C51 COMPILATION COMPLETE.  1 WARNING(S),  0 ERROR(S)
