The target system is: Generic - 1 - 
The host system is: Linux - 6.2.0-25-generic - x86_64
Compiling the C compiler identification source file "CMakeCCompilerId.c" succeeded.
Compiler: /usr/bin/arm-none-eabi-gcc 
Build flags: 
Id flags: -c 

The output was:
0


Compilation of the C compiler identification source "CMakeCCompilerId.c" produced "CMakeCCompilerId.o"

The C compiler identification is GNU, found in "/home/tony/2STM32workspace/ClionProjects/Servo_PID/cmake-build-debug-stm32/CMakeFiles/3.25.2/CompilerIdC/CMakeCCompilerId.o"

Compiling the CXX compiler identification source file "CMakeCXXCompilerId.cpp" succeeded.
Compiler: /usr/bin/arm-none-eabi-g++ 
Build flags: 
Id flags: -c 

The output was:
0


Compilation of the CXX compiler identification source "CMakeCXXCompilerId.cpp" produced "CMakeCXXCompilerId.o"

The CXX compiler identification is GNU, found in "/home/tony/2STM32workspace/ClionProjects/Servo_PID/cmake-build-debug-stm32/CMakeFiles/3.25.2/CompilerIdCXX/CMakeCXXCompilerId.o"

Checking whether the ASM compiler is GNU using "--version" matched "(GNU assembler)|(GCC)|(Free Software Foundation)":
arm-none-eabi-gcc (15:12.2.rel1-1) 12.2.1 20221205
Copyright (C) 2022 Free Software Foundation, Inc.
This is free software; see the source for copying conditions.  There is NO
warranty; not even for MERCHANTABILITY or FITNESS FOR A PARTICULAR PURPOSE.

Detecting C compiler ABI info compiled with the following output:
Change Dir: /home/tony/2STM32workspace/ClionProjects/Servo_PID/cmake-build-debug-stm32/CMakeFiles/CMakeScratch/TryCompile-IEqy7A

Run Build Command(s):/usr/bin/gmake -f Makefile cmTC_37d87/fast && /usr/bin/gmake  -f CMakeFiles/cmTC_37d87.dir/build.make CMakeFiles/cmTC_37d87.dir/build
gmake[1]: Entering directory '/home/tony/2STM32workspace/ClionProjects/Servo_PID/cmake-build-debug-stm32/CMakeFiles/CMakeScratch/TryCompile-IEqy7A'
Building C object CMakeFiles/cmTC_37d87.dir/CMakeCCompilerABI.c.obj
/usr/bin/arm-none-eabi-gcc   -fdiagnostics-color=always   -v -o CMakeFiles/cmTC_37d87.dir/CMakeCCompilerABI.c.obj -c /snap/clion/241/bin/cmake/linux/x64/share/cmake-3.25/Modules/CMakeCCompilerABI.c
Using built-in specs.
COLLECT_GCC=/usr/bin/arm-none-eabi-gcc
Target: arm-none-eabi
Configured with: ../configure --build=x86_64-linux-gnu --prefix=/usr --includedir='/usr/lib/include' --mandir='/usr/lib/share/man' --infodir='/usr/lib/share/info' --sysconfdir=/etc --localstatedir=/var --disable-option-checking --disable-silent-rules --libdir='/usr/lib/lib/x86_64-linux-gnu' --libexecdir='/usr/lib/lib/x86_64-linux-gnu' --disable-maintainer-mode --disable-dependency-tracking --mandir=/usr/share/man --enable-languages=c,c++,lto --enable-multilib --disable-decimal-float --disable-libffi --disable-libgomp --disable-libmudflap --disable-libquadmath --disable-libssp --disable-libstdcxx-pch --disable-nls --disable-shared --disable-threads --enable-tls --build=x86_64-linux-gnu --target=arm-none-eabi --with-system-zlib --with-gnu-as --with-gnu-ld --with-pkgversion=15:12.2.rel1-1 --without-included-gettext --prefix=/usr/lib --infodir=/usr/share/doc/gcc-arm-none-eabi/info --htmldir=/usr/share/doc/gcc-arm-none-eabi/html --pdfdir=/usr/share/doc/gcc-arm-none-eabi/pdf --bindir=/usr/bin --libexecdir=/usr/lib --libdir=/usr/lib --disable-libstdc++-v3 --host=x86_64-linux-gnu --with-headers=no --without-newlib --with-multilib-list=rmprofile,aprofile ASFLAGS= CFLAGS='-g -O2 -ffile-prefix-map=/build/gcc-arm-none-eabi-w8dugU/gcc-arm-none-eabi-12.2.rel1=. -fdebug-prefix-map=/build/gcc-arm-none-eabi-w8dugU/gcc-arm-none-eabi-12.2.rel1=/usr/src/gcc-arm-none-eabi-15:12.2.rel1-1 -flto=auto -ffat-lto-objects -flto=auto -ffat-lto-objects -fstack-protector-strong' CPPFLAGS='-Wdate-time -D_FORTIFY_SOURCE=2' CXXFLAGS='-g -O2 -ffile-prefix-map=/build/gcc-arm-none-eabi-w8dugU/gcc-arm-none-eabi-12.2.rel1=. -fdebug-prefix-map=/build/gcc-arm-none-eabi-w8dugU/gcc-arm-none-eabi-12.2.rel1=/usr/src/gcc-arm-none-eabi-15:12.2.rel1-1 -flto=auto -ffat-lto-objects -flto=auto -ffat-lto-objects -fstack-protector-strong' DFLAGS=-frelease FCFLAGS='-g -O2 -ffile-prefix-map=/build/gcc-arm-none-eabi-w8dugU/gcc-arm-none-eabi-12.2.rel1=. -fdebug-prefix-map=/build/gcc-arm-none-eabi-w8dugU/gcc-arm-none-eabi-12.2.rel1=/usr/src/gcc-arm-none-eabi-15:12.2.rel1-1 -flto=auto -ffat-lto-objects -flto=auto -ffat-lto-objects -fstack-protector-strong' FFLAGS='-g -O2 -ffile-prefix-map=/build/gcc-arm-none-eabi-w8dugU/gcc-arm-none-eabi-12.2.rel1=. -fdebug-prefix-map=/build/gcc-arm-none-eabi-w8dugU/gcc-arm-none-eabi-12.2.rel1=/usr/src/gcc-arm-none-eabi-15:12.2.rel1-1 -flto=auto -ffat-lto-objects -flto=auto -ffat-lto-objects -fstack-protector-strong' GCJFLAGS='-g -O2 -ffile-prefix-map=/build/gcc-arm-none-eabi-w8dugU/gcc-arm-none-eabi-12.2.rel1=. -fdebug-prefix-map=/build/gcc-arm-none-eabi-w8dugU/gcc-arm-none-eabi-12.2.rel1=/usr/src/gcc-arm-none-eabi-15:12.2.rel1-1 -flto=auto -ffat-lto-objects -fstack-protector-strong' LDFLAGS='-Wl,-Bsymbolic-functions -flto=auto -ffat-lto-objects -flto=auto -Wl,-z,relro' OBJCFLAGS='-g -O2 -ffile-prefix-map=/build/gcc-arm-none-eabi-w8dugU/gcc-arm-none-eabi-12.2.rel1=. -fdebug-prefix-map=/build/gcc-arm-none-eabi-w8dugU/gcc-arm-none-eabi-12.2.rel1=/usr/src/gcc-arm-none-eabi-15:12.2.rel1-1 -flto=auto -ffat-lto-objects -flto=auto -ffat-lto-objects -fstack-protector-strong' OBJCXXFLAGS='-g -O2 -ffile-prefix-map=/build/gcc-arm-none-eabi-w8dugU/gcc-arm-none-eabi-12.2.rel1=. -fdebug-prefix-map=/build/gcc-arm-none-eabi-w8dugU/gcc-arm-none-eabi-12.2.rel1=/usr/src/gcc-arm-none-eabi-15:12.2.rel1-1 -flto=auto -ffat-lto-objects -flto=auto -ffat-lto-objects -fstack-protector-strong' INHIBIT_LIBC_CFLAGS=-DUSE_TM_CLONE_REGISTRY=0 AR_FOR_TARGET=arm-none-eabi-ar AS_FOR_TARGET=arm-none-eabi-as LD_FOR_TARGET=arm-none-eabi-ld NM_FOR_TARGET=arm-none-eabi-nm OBJDUMP_FOR_TARGET=arm-none-eabi-objdump RANLIB_FOR_TARGET=arm-none-eabi-ranlib READELF_FOR_TARGET=arm-none-eabi-readelf STRIP_FOR_TARGET=arm-none-eabi-strip SED=/bin/sed SHELL=/bin/sh BASH=/bin/bash CONFIG_SHELL=/bin/bash
Thread model: single
Supported LTO compression algorithms: zlib
gcc version 12.2.1 20221205 (15:12.2.rel1-1) 
COLLECT_GCC_OPTIONS='-fdiagnostics-color=always' '-v' '-o' 'CMakeFiles/cmTC_37d87.dir/CMakeCCompilerABI.c.obj' '-c' '-mcpu=arm7tdmi' '-mfloat-abi=soft' '-marm' '-mlibarch=armv4t' '-march=armv4t' '-dumpdir' 'CMakeFiles/cmTC_37d87.dir/'
 /usr/lib/gcc/arm-none-eabi/12.2.1/cc1 -quiet -v -D__USES_INITFINI__ /snap/clion/241/bin/cmake/linux/x64/share/cmake-3.25/Modules/CMakeCCompilerABI.c -quiet -dumpdir CMakeFiles/cmTC_37d87.dir/ -dumpbase CMakeCCompilerABI.c.c -dumpbase-ext .c -mcpu=arm7tdmi -mfloat-abi=soft -marm -mlibarch=armv4t -march=armv4t -version -fdiagnostics-color=always -o /tmp/cckWDnU3.s
GNU C17 (15:12.2.rel1-1) version 12.2.1 20221205 (arm-none-eabi)
	compiled by GNU C version 12.2.0, GMP version 6.2.1, MPFR version 4.1.0, MPC version 1.2.1, isl version isl-0.25-GMP

warning: MPFR header version 4.1.0 differs from library version 4.2.0.
warning: MPC header version 1.2.1 differs from library version 1.3.1.
GGC heuristics: --param ggc-min-expand=100 --param ggc-min-heapsize=131072
ignoring nonexistent directory "/usr/lib/gcc/arm-none-eabi/12.2.1/../../../arm-none-eabi/sys-include"
#include "..." search starts here:
#include <...> search starts here:
 /usr/lib/gcc/arm-none-eabi/12.2.1/include
 /usr/lib/gcc/arm-none-eabi/12.2.1/include-fixed
 /usr/lib/gcc/arm-none-eabi/12.2.1/../../../arm-none-eabi/include
End of search list.
GNU C17 (15:12.2.rel1-1) version 12.2.1 20221205 (arm-none-eabi)
	compiled by GNU C version 12.2.0, GMP version 6.2.1, MPFR version 4.1.0, MPC version 1.2.1, isl version isl-0.25-GMP

warning: MPFR header version 4.1.0 differs from library version 4.2.0.
warning: MPC header version 1.2.1 differs from library version 1.3.1.
GGC heuristics: --param ggc-min-expand=100 --param ggc-min-heapsize=131072
Compiler executable checksum: 510d113791256d7595fbeffcb03a3b9e
COLLECT_GCC_OPTIONS='-fdiagnostics-color=always' '-v' '-o' 'CMakeFiles/cmTC_37d87.dir/CMakeCCompilerABI.c.obj' '-c' '-mcpu=arm7tdmi' '-mfloat-abi=soft' '-marm' '-mlibarch=armv4t' '-march=armv4t' '-dumpdir' 'CMakeFiles/cmTC_37d87.dir/'
 /usr/lib/gcc/arm-none-eabi/12.2.1/../../../arm-none-eabi/bin/as -v -march=armv4t -mfloat-abi=soft -meabi=5 -o CMakeFiles/cmTC_37d87.dir/CMakeCCompilerABI.c.obj /tmp/cckWDnU3.s
GNU assembler version 2.39 (arm-none-eabi) using BFD version (2.39-1ubuntu1+17ubuntu1) 2.39
COMPILER_PATH=/usr/lib/gcc/arm-none-eabi/12.2.1/:/usr/lib/gcc/arm-none-eabi/12.2.1/:/usr/lib/gcc/arm-none-eabi/:/usr/lib/gcc/arm-none-eabi/12.2.1/:/usr/lib/gcc/arm-none-eabi/:/usr/lib/gcc/arm-none-eabi/12.2.1/../../../arm-none-eabi/bin/
LIBRARY_PATH=/usr/lib/gcc/arm-none-eabi/12.2.1/:/usr/lib/gcc/arm-none-eabi/12.2.1/../../../arm-none-eabi/lib/
COLLECT_GCC_OPTIONS='-fdiagnostics-color=always' '-v' '-o' 'CMakeFiles/cmTC_37d87.dir/CMakeCCompilerABI.c.obj' '-c' '-mcpu=arm7tdmi' '-mfloat-abi=soft' '-marm' '-mlibarch=armv4t' '-march=armv4t' '-dumpdir' 'CMakeFiles/cmTC_37d87.dir/CMakeCCompilerABI.c.'
Linking C static library libcmTC_37d87.a
/snap/clion/241/bin/cmake/linux/x64/bin/cmake -P CMakeFiles/cmTC_37d87.dir/cmake_clean_target.cmake
/snap/clion/241/bin/cmake/linux/x64/bin/cmake -E cmake_link_script CMakeFiles/cmTC_37d87.dir/link.txt --verbose=1
arm-none-eabi-ar qc libcmTC_37d87.a CMakeFiles/cmTC_37d87.dir/CMakeCCompilerABI.c.obj
/usr/bin/arm-none-eabi-ranlib libcmTC_37d87.a
gmake[1]: Leaving directory '/home/tony/2STM32workspace/ClionProjects/Servo_PID/cmake-build-debug-stm32/CMakeFiles/CMakeScratch/TryCompile-IEqy7A'



Parsed C implicit include dir info from above output: rv=done
  found start of include info
  found start of implicit include info
    add: [/usr/lib/gcc/arm-none-eabi/12.2.1/include]
    add: [/usr/lib/gcc/arm-none-eabi/12.2.1/include-fixed]
    add: [/usr/lib/gcc/arm-none-eabi/12.2.1/../../../arm-none-eabi/include]
  end of search list found
  collapse include dir [/usr/lib/gcc/arm-none-eabi/12.2.1/include] ==> [/usr/lib/gcc/arm-none-eabi/12.2.1/include]
  collapse include dir [/usr/lib/gcc/arm-none-eabi/12.2.1/include-fixed] ==> [/usr/lib/gcc/arm-none-eabi/12.2.1/include-fixed]
  collapse include dir [/usr/lib/gcc/arm-none-eabi/12.2.1/../../../arm-none-eabi/include] ==> [/usr/lib/arm-none-eabi/include]
  implicit include dirs: [/usr/lib/gcc/arm-none-eabi/12.2.1/include;/usr/lib/gcc/arm-none-eabi/12.2.1/include-fixed;/usr/lib/arm-none-eabi/include]


Parsed C implicit link information from above output:
  link line regex: [^( *|.*[/\])(arm-none-eabi-ld|CMAKE_LINK_STARTFILE-NOTFOUND|([^/\]+-)?ld|collect2)[^/\]*( |$)]
  ignore line: [Change Dir: /home/tony/2STM32workspace/ClionProjects/Servo_PID/cmake-build-debug-stm32/CMakeFiles/CMakeScratch/TryCompile-IEqy7A]
  ignore line: []
  ignore line: [Run Build Command(s):/usr/bin/gmake -f Makefile cmTC_37d87/fast && /usr/bin/gmake  -f CMakeFiles/cmTC_37d87.dir/build.make CMakeFiles/cmTC_37d87.dir/build]
  ignore line: [gmake[1]: Entering directory '/home/tony/2STM32workspace/ClionProjects/Servo_PID/cmake-build-debug-stm32/CMakeFiles/CMakeScratch/TryCompile-IEqy7A']
  ignore line: [Building C object CMakeFiles/cmTC_37d87.dir/CMakeCCompilerABI.c.obj]
  ignore line: [/usr/bin/arm-none-eabi-gcc   -fdiagnostics-color=always   -v -o CMakeFiles/cmTC_37d87.dir/CMakeCCompilerABI.c.obj -c /snap/clion/241/bin/cmake/linux/x64/share/cmake-3.25/Modules/CMakeCCompilerABI.c]
  ignore line: [Using built-in specs.]
  ignore line: [COLLECT_GCC=/usr/bin/arm-none-eabi-gcc]
  ignore line: [Target: arm-none-eabi]
  ignore line: [Configured with: ../configure --build=x86_64-linux-gnu --prefix=/usr --includedir='/usr/lib/include' --mandir='/usr/lib/share/man' --infodir='/usr/lib/share/info' --sysconfdir=/etc --localstatedir=/var --disable-option-checking --disable-silent-rules --libdir='/usr/lib/lib/x86_64-linux-gnu' --libexecdir='/usr/lib/lib/x86_64-linux-gnu' --disable-maintainer-mode --disable-dependency-tracking --mandir=/usr/share/man --enable-languages=c,c++,lto --enable-multilib --disable-decimal-float --disable-libffi --disable-libgomp --disable-libmudflap --disable-libquadmath --disable-libssp --disable-libstdcxx-pch --disable-nls --disable-shared --disable-threads --enable-tls --build=x86_64-linux-gnu --target=arm-none-eabi --with-system-zlib --with-gnu-as --with-gnu-ld --with-pkgversion=15:12.2.rel1-1 --without-included-gettext --prefix=/usr/lib --infodir=/usr/share/doc/gcc-arm-none-eabi/info --htmldir=/usr/share/doc/gcc-arm-none-eabi/html --pdfdir=/usr/share/doc/gcc-arm-none-eabi/pdf --bindir=/usr/bin --libexecdir=/usr/lib --libdir=/usr/lib --disable-libstdc++-v3 --host=x86_64-linux-gnu --with-headers=no --without-newlib --with-multilib-list=rmprofile,aprofile ASFLAGS= CFLAGS='-g -O2 -ffile-prefix-map=/build/gcc-arm-none-eabi-w8dugU/gcc-arm-none-eabi-12.2.rel1=. -fdebug-prefix-map=/build/gcc-arm-none-eabi-w8dugU/gcc-arm-none-eabi-12.2.rel1=/usr/src/gcc-arm-none-eabi-15:12.2.rel1-1 -flto=auto -ffat-lto-objects -flto=auto -ffat-lto-objects -fstack-protector-strong' CPPFLAGS='-Wdate-time -D_FORTIFY_SOURCE=2' CXXFLAGS='-g -O2 -ffile-prefix-map=/build/gcc-arm-none-eabi-w8dugU/gcc-arm-none-eabi-12.2.rel1=. -fdebug-prefix-map=/build/gcc-arm-none-eabi-w8dugU/gcc-arm-none-eabi-12.2.rel1=/usr/src/gcc-arm-none-eabi-15:12.2.rel1-1 -flto=auto -ffat-lto-objects -flto=auto -ffat-lto-objects -fstack-protector-strong' DFLAGS=-frelease FCFLAGS='-g -O2 -ffile-prefix-map=/build/gcc-arm-none-eabi-w8dugU/gcc-arm-none-eabi-12.2.rel1=. -fdebug-prefix-map=/build/gcc-arm-none-eabi-w8dugU/gcc-arm-none-eabi-12.2.rel1=/usr/src/gcc-arm-none-eabi-15:12.2.rel1-1 -flto=auto -ffat-lto-objects -flto=auto -ffat-lto-objects -fstack-protector-strong' FFLAGS='-g -O2 -ffile-prefix-map=/build/gcc-arm-none-eabi-w8dugU/gcc-arm-none-eabi-12.2.rel1=. -fdebug-prefix-map=/build/gcc-arm-none-eabi-w8dugU/gcc-arm-none-eabi-12.2.rel1=/usr/src/gcc-arm-none-eabi-15:12.2.rel1-1 -flto=auto -ffat-lto-objects -flto=auto -ffat-lto-objects -fstack-protector-strong' GCJFLAGS='-g -O2 -ffile-prefix-map=/build/gcc-arm-none-eabi-w8dugU/gcc-arm-none-eabi-12.2.rel1=. -fdebug-prefix-map=/build/gcc-arm-none-eabi-w8dugU/gcc-arm-none-eabi-12.2.rel1=/usr/src/gcc-arm-none-eabi-15:12.2.rel1-1 -flto=auto -ffat-lto-objects -fstack-protector-strong' LDFLAGS='-Wl,-Bsymbolic-functions -flto=auto -ffat-lto-objects -flto=auto -Wl,-z,relro' OBJCFLAGS='-g -O2 -ffile-prefix-map=/build/gcc-arm-none-eabi-w8dugU/gcc-arm-none-eabi-12.2.rel1=. -fdebug-prefix-map=/build/gcc-arm-none-eabi-w8dugU/gcc-arm-none-eabi-12.2.rel1=/usr/src/gcc-arm-none-eabi-15:12.2.rel1-1 -flto=auto -ffat-lto-objects -flto=auto -ffat-lto-objects -fstack-protector-strong' OBJCXXFLAGS='-g -O2 -ffile-prefix-map=/build/gcc-arm-none-eabi-w8dugU/gcc-arm-none-eabi-12.2.rel1=. -fdebug-prefix-map=/build/gcc-arm-none-eabi-w8dugU/gcc-arm-none-eabi-12.2.rel1=/usr/src/gcc-arm-none-eabi-15:12.2.rel1-1 -flto=auto -ffat-lto-objects -flto=auto -ffat-lto-objects -fstack-protector-strong' INHIBIT_LIBC_CFLAGS=-DUSE_TM_CLONE_REGISTRY=0 AR_FOR_TARGET=arm-none-eabi-ar AS_FOR_TARGET=arm-none-eabi-as LD_FOR_TARGET=arm-none-eabi-ld NM_FOR_TARGET=arm-none-eabi-nm OBJDUMP_FOR_TARGET=arm-none-eabi-objdump RANLIB_FOR_TARGET=arm-none-eabi-ranlib READELF_FOR_TARGET=arm-none-eabi-readelf STRIP_FOR_TARGET=arm-none-eabi-strip SED=/bin/sed SHELL=/bin/sh BASH=/bin/bash CONFIG_SHELL=/bin/bash]
  ignore line: [Thread model: single]
  ignore line: [Supported LTO compression algorithms: zlib]
  ignore line: [gcc version 12.2.1 20221205 (15:12.2.rel1-1) ]
  ignore line: [COLLECT_GCC_OPTIONS='-fdiagnostics-color=always' '-v' '-o' 'CMakeFiles/cmTC_37d87.dir/CMakeCCompilerABI.c.obj' '-c' '-mcpu=arm7tdmi' '-mfloat-abi=soft' '-marm' '-mlibarch=armv4t' '-march=armv4t' '-dumpdir' 'CMakeFiles/cmTC_37d87.dir/']
  ignore line: [ /usr/lib/gcc/arm-none-eabi/12.2.1/cc1 -quiet -v -D__USES_INITFINI__ /snap/clion/241/bin/cmake/linux/x64/share/cmake-3.25/Modules/CMakeCCompilerABI.c -quiet -dumpdir CMakeFiles/cmTC_37d87.dir/ -dumpbase CMakeCCompilerABI.c.c -dumpbase-ext .c -mcpu=arm7tdmi -mfloat-abi=soft -marm -mlibarch=armv4t -march=armv4t -version -fdiagnostics-color=always -o /tmp/cckWDnU3.s]
  ignore line: [GNU C17 (15:12.2.rel1-1) version 12.2.1 20221205 (arm-none-eabi)]
  ignore line: [	compiled by GNU C version 12.2.0  GMP version 6.2.1  MPFR version 4.1.0  MPC version 1.2.1  isl version isl-0.25-GMP]
  ignore line: []
  ignore line: [warning: MPFR header version 4.1.0 differs from library version 4.2.0.]
  ignore line: [warning: MPC header version 1.2.1 differs from library version 1.3.1.]
  ignore line: [GGC heuristics: --param ggc-min-expand=100 --param ggc-min-heapsize=131072]
  ignore line: [ignoring nonexistent directory "/usr/lib/gcc/arm-none-eabi/12.2.1/../../../arm-none-eabi/sys-include"]
  ignore line: [#include "..." search starts here:]
  ignore line: [#include <...> search starts here:]
  ignore line: [ /usr/lib/gcc/arm-none-eabi/12.2.1/include]
  ignore line: [ /usr/lib/gcc/arm-none-eabi/12.2.1/include-fixed]
  ignore line: [ /usr/lib/gcc/arm-none-eabi/12.2.1/../../../arm-none-eabi/include]
  ignore line: [End of search list.]
  ignore line: [GNU C17 (15:12.2.rel1-1) version 12.2.1 20221205 (arm-none-eabi)]
  ignore line: [	compiled by GNU C version 12.2.0  GMP version 6.2.1  MPFR version 4.1.0  MPC version 1.2.1  isl version isl-0.25-GMP]
  ignore line: []
  ignore line: [warning: MPFR header version 4.1.0 differs from library version 4.2.0.]
  ignore line: [warning: MPC header version 1.2.1 differs from library version 1.3.1.]
  ignore line: [GGC heuristics: --param ggc-min-expand=100 --param ggc-min-heapsize=131072]
  ignore line: [Compiler executable checksum: 510d113791256d7595fbeffcb03a3b9e]
  ignore line: [COLLECT_GCC_OPTIONS='-fdiagnostics-color=always' '-v' '-o' 'CMakeFiles/cmTC_37d87.dir/CMakeCCompilerABI.c.obj' '-c' '-mcpu=arm7tdmi' '-mfloat-abi=soft' '-marm' '-mlibarch=armv4t' '-march=armv4t' '-dumpdir' 'CMakeFiles/cmTC_37d87.dir/']
  ignore line: [ /usr/lib/gcc/arm-none-eabi/12.2.1/../../../arm-none-eabi/bin/as -v -march=armv4t -mfloat-abi=soft -meabi=5 -o CMakeFiles/cmTC_37d87.dir/CMakeCCompilerABI.c.obj /tmp/cckWDnU3.s]
  ignore line: [GNU assembler version 2.39 (arm-none-eabi) using BFD version (2.39-1ubuntu1+17ubuntu1) 2.39]
  ignore line: [COMPILER_PATH=/usr/lib/gcc/arm-none-eabi/12.2.1/:/usr/lib/gcc/arm-none-eabi/12.2.1/:/usr/lib/gcc/arm-none-eabi/:/usr/lib/gcc/arm-none-eabi/12.2.1/:/usr/lib/gcc/arm-none-eabi/:/usr/lib/gcc/arm-none-eabi/12.2.1/../../../arm-none-eabi/bin/]
  ignore line: [LIBRARY_PATH=/usr/lib/gcc/arm-none-eabi/12.2.1/:/usr/lib/gcc/arm-none-eabi/12.2.1/../../../arm-none-eabi/lib/]
  ignore line: [COLLECT_GCC_OPTIONS='-fdiagnostics-color=always' '-v' '-o' 'CMakeFiles/cmTC_37d87.dir/CMakeCCompilerABI.c.obj' '-c' '-mcpu=arm7tdmi' '-mfloat-abi=soft' '-marm' '-mlibarch=armv4t' '-march=armv4t' '-dumpdir' 'CMakeFiles/cmTC_37d87.dir/CMakeCCompilerABI.c.']
  ignore line: [Linking C static library libcmTC_37d87.a]
  ignore line: [/snap/clion/241/bin/cmake/linux/x64/bin/cmake -P CMakeFiles/cmTC_37d87.dir/cmake_clean_target.cmake]
  ignore line: [/snap/clion/241/bin/cmake/linux/x64/bin/cmake -E cmake_link_script CMakeFiles/cmTC_37d87.dir/link.txt --verbose=1]
  ignore line: [arm-none-eabi-ar qc libcmTC_37d87.a CMakeFiles/cmTC_37d87.dir/CMakeCCompilerABI.c.obj]
  ignore line: [/usr/bin/arm-none-eabi-ranlib libcmTC_37d87.a]
  ignore line: [gmake[1]: Leaving directory '/home/tony/2STM32workspace/ClionProjects/Servo_PID/cmake-build-debug-stm32/CMakeFiles/CMakeScratch/TryCompile-IEqy7A']
  ignore line: []
  ignore line: []
  implicit libs: []
  implicit objs: []
  implicit dirs: []
  implicit fwks: []


Detecting CXX compiler ABI info compiled with the following output:
Change Dir: /home/tony/2STM32workspace/ClionProjects/Servo_PID/cmake-build-debug-stm32/CMakeFiles/CMakeScratch/TryCompile-mQGrl1

Run Build Command(s):/usr/bin/gmake -f Makefile cmTC_b00d9/fast && /usr/bin/gmake  -f CMakeFiles/cmTC_b00d9.dir/build.make CMakeFiles/cmTC_b00d9.dir/build
gmake[1]: Entering directory '/home/tony/2STM32workspace/ClionProjects/Servo_PID/cmake-build-debug-stm32/CMakeFiles/CMakeScratch/TryCompile-mQGrl1'
Building CXX object CMakeFiles/cmTC_b00d9.dir/CMakeCXXCompilerABI.cpp.obj
/usr/bin/arm-none-eabi-g++   -fdiagnostics-color=always   -v -o CMakeFiles/cmTC_b00d9.dir/CMakeCXXCompilerABI.cpp.obj -c /snap/clion/241/bin/cmake/linux/x64/share/cmake-3.25/Modules/CMakeCXXCompilerABI.cpp
Using built-in specs.
COLLECT_GCC=/usr/bin/arm-none-eabi-g++
Target: arm-none-eabi
Configured with: ../configure --build=x86_64-linux-gnu --prefix=/usr --includedir='/usr/lib/include' --mandir='/usr/lib/share/man' --infodir='/usr/lib/share/info' --sysconfdir=/etc --localstatedir=/var --disable-option-checking --disable-silent-rules --libdir='/usr/lib/lib/x86_64-linux-gnu' --libexecdir='/usr/lib/lib/x86_64-linux-gnu' --disable-maintainer-mode --disable-dependency-tracking --mandir=/usr/share/man --enable-languages=c,c++,lto --enable-multilib --disable-decimal-float --disable-libffi --disable-libgomp --disable-libmudflap --disable-libquadmath --disable-libssp --disable-libstdcxx-pch --disable-nls --disable-shared --disable-threads --enable-tls --build=x86_64-linux-gnu --target=arm-none-eabi --with-system-zlib --with-gnu-as --with-gnu-ld --with-pkgversion=15:12.2.rel1-1 --without-included-gettext --prefix=/usr/lib --infodir=/usr/share/doc/gcc-arm-none-eabi/info --htmldir=/usr/share/doc/gcc-arm-none-eabi/html --pdfdir=/usr/share/doc/gcc-arm-none-eabi/pdf --bindir=/usr/bin --libexecdir=/usr/lib --libdir=/usr/lib --disable-libstdc++-v3 --host=x86_64-linux-gnu --with-headers=no --without-newlib --with-multilib-list=rmprofile,aprofile ASFLAGS= CFLAGS='-g -O2 -ffile-prefix-map=/build/gcc-arm-none-eabi-w8dugU/gcc-arm-none-eabi-12.2.rel1=. -fdebug-prefix-map=/build/gcc-arm-none-eabi-w8dugU/gcc-arm-none-eabi-12.2.rel1=/usr/src/gcc-arm-none-eabi-15:12.2.rel1-1 -flto=auto -ffat-lto-objects -flto=auto -ffat-lto-objects -fstack-protector-strong' CPPFLAGS='-Wdate-time -D_FORTIFY_SOURCE=2' CXXFLAGS='-g -O2 -ffile-prefix-map=/build/gcc-arm-none-eabi-w8dugU/gcc-arm-none-eabi-12.2.rel1=. -fdebug-prefix-map=/build/gcc-arm-none-eabi-w8dugU/gcc-arm-none-eabi-12.2.rel1=/usr/src/gcc-arm-none-eabi-15:12.2.rel1-1 -flto=auto -ffat-lto-objects -flto=auto -ffat-lto-objects -fstack-protector-strong' DFLAGS=-frelease FCFLAGS='-g -O2 -ffile-prefix-map=/build/gcc-arm-none-eabi-w8dugU/gcc-arm-none-eabi-12.2.rel1=. -fdebug-prefix-map=/build/gcc-arm-none-eabi-w8dugU/gcc-arm-none-eabi-12.2.rel1=/usr/src/gcc-arm-none-eabi-15:12.2.rel1-1 -flto=auto -ffat-lto-objects -flto=auto -ffat-lto-objects -fstack-protector-strong' FFLAGS='-g -O2 -ffile-prefix-map=/build/gcc-arm-none-eabi-w8dugU/gcc-arm-none-eabi-12.2.rel1=. -fdebug-prefix-map=/build/gcc-arm-none-eabi-w8dugU/gcc-arm-none-eabi-12.2.rel1=/usr/src/gcc-arm-none-eabi-15:12.2.rel1-1 -flto=auto -ffat-lto-objects -flto=auto -ffat-lto-objects -fstack-protector-strong' GCJFLAGS='-g -O2 -ffile-prefix-map=/build/gcc-arm-none-eabi-w8dugU/gcc-arm-none-eabi-12.2.rel1=. -fdebug-prefix-map=/build/gcc-arm-none-eabi-w8dugU/gcc-arm-none-eabi-12.2.rel1=/usr/src/gcc-arm-none-eabi-15:12.2.rel1-1 -flto=auto -ffat-lto-objects -fstack-protector-strong' LDFLAGS='-Wl,-Bsymbolic-functions -flto=auto -ffat-lto-objects -flto=auto -Wl,-z,relro' OBJCFLAGS='-g -O2 -ffile-prefix-map=/build/gcc-arm-none-eabi-w8dugU/gcc-arm-none-eabi-12.2.rel1=. -fdebug-prefix-map=/build/gcc-arm-none-eabi-w8dugU/gcc-arm-none-eabi-12.2.rel1=/usr/src/gcc-arm-none-eabi-15:12.2.rel1-1 -flto=auto -ffat-lto-objects -flto=auto -ffat-lto-objects -fstack-protector-strong' OBJCXXFLAGS='-g -O2 -ffile-prefix-map=/build/gcc-arm-none-eabi-w8dugU/gcc-arm-none-eabi-12.2.rel1=. -fdebug-prefix-map=/build/gcc-arm-none-eabi-w8dugU/gcc-arm-none-eabi-12.2.rel1=/usr/src/gcc-arm-none-eabi-15:12.2.rel1-1 -flto=auto -ffat-lto-objects -flto=auto -ffat-lto-objects -fstack-protector-strong' INHIBIT_LIBC_CFLAGS=-DUSE_TM_CLONE_REGISTRY=0 AR_FOR_TARGET=arm-none-eabi-ar AS_FOR_TARGET=arm-none-eabi-as LD_FOR_TARGET=arm-none-eabi-ld NM_FOR_TARGET=arm-none-eabi-nm OBJDUMP_FOR_TARGET=arm-none-eabi-objdump RANLIB_FOR_TARGET=arm-none-eabi-ranlib READELF_FOR_TARGET=arm-none-eabi-readelf STRIP_FOR_TARGET=arm-none-eabi-strip SED=/bin/sed SHELL=/bin/sh BASH=/bin/bash CONFIG_SHELL=/bin/bash
Thread model: single
Supported LTO compression algorithms: zlib
gcc version 12.2.1 20221205 (15:12.2.rel1-1) 
COLLECT_GCC_OPTIONS='-fdiagnostics-color=always' '-v' '-o' 'CMakeFiles/cmTC_b00d9.dir/CMakeCXXCompilerABI.cpp.obj' '-c' '-mcpu=arm7tdmi' '-mfloat-abi=soft' '-marm' '-mlibarch=armv4t' '-march=armv4t' '-dumpdir' 'CMakeFiles/cmTC_b00d9.dir/'
 /usr/lib/gcc/arm-none-eabi/12.2.1/cc1plus -quiet -v -D__USES_INITFINI__ /snap/clion/241/bin/cmake/linux/x64/share/cmake-3.25/Modules/CMakeCXXCompilerABI.cpp -quiet -dumpdir CMakeFiles/cmTC_b00d9.dir/ -dumpbase CMakeCXXCompilerABI.cpp.cpp -dumpbase-ext .cpp -mcpu=arm7tdmi -mfloat-abi=soft -marm -mlibarch=armv4t -march=armv4t -version -fdiagnostics-color=always -o /tmp/cck29COW.s
GNU C++17 (15:12.2.rel1-1) version 12.2.1 20221205 (arm-none-eabi)
	compiled by GNU C version 12.2.0, GMP version 6.2.1, MPFR version 4.1.0, MPC version 1.2.1, isl version isl-0.25-GMP

warning: MPFR header version 4.1.0 differs from library version 4.2.0.
warning: MPC header version 1.2.1 differs from library version 1.3.1.
GGC heuristics: --param ggc-min-expand=100 --param ggc-min-heapsize=131072
ignoring nonexistent directory "/usr/lib/gcc/arm-none-eabi/12.2.1/../../../arm-none-eabi/sys-include"
#include "..." search starts here:
#include <...> search starts here:
 /usr/lib/gcc/arm-none-eabi/12.2.1/../../../arm-none-eabi/include/c++/12.2.1
 /usr/lib/gcc/arm-none-eabi/12.2.1/../../../arm-none-eabi/include/c++/12.2.1/arm-none-eabi
 /usr/lib/gcc/arm-none-eabi/12.2.1/../../../arm-none-eabi/include/c++/12.2.1/backward
 /usr/lib/gcc/arm-none-eabi/12.2.1/include
 /usr/lib/gcc/arm-none-eabi/12.2.1/include-fixed
 /usr/lib/gcc/arm-none-eabi/12.2.1/../../../arm-none-eabi/include
End of search list.
GNU C++17 (15:12.2.rel1-1) version 12.2.1 20221205 (arm-none-eabi)
	compiled by GNU C version 12.2.0, GMP version 6.2.1, MPFR version 4.1.0, MPC version 1.2.1, isl version isl-0.25-GMP

warning: MPFR header version 4.1.0 differs from library version 4.2.0.
warning: MPC header version 1.2.1 differs from library version 1.3.1.
GGC heuristics: --param ggc-min-expand=100 --param ggc-min-heapsize=131072
Compiler executable checksum: f3486e42438581575161d0adf98e17e5
COLLECT_GCC_OPTIONS='-fdiagnostics-color=always' '-v' '-o' 'CMakeFiles/cmTC_b00d9.dir/CMakeCXXCompilerABI.cpp.obj' '-c' '-mcpu=arm7tdmi' '-mfloat-abi=soft' '-marm' '-mlibarch=armv4t' '-march=armv4t' '-dumpdir' 'CMakeFiles/cmTC_b00d9.dir/'
 /usr/lib/gcc/arm-none-eabi/12.2.1/../../../arm-none-eabi/bin/as -v -march=armv4t -mfloat-abi=soft -meabi=5 -o CMakeFiles/cmTC_b00d9.dir/CMakeCXXCompilerABI.cpp.obj /tmp/cck29COW.s
GNU assembler version 2.39 (arm-none-eabi) using BFD version (2.39-1ubuntu1+17ubuntu1) 2.39
COMPILER_PATH=/usr/lib/gcc/arm-none-eabi/12.2.1/:/usr/lib/gcc/arm-none-eabi/12.2.1/:/usr/lib/gcc/arm-none-eabi/:/usr/lib/gcc/arm-none-eabi/12.2.1/:/usr/lib/gcc/arm-none-eabi/:/usr/lib/gcc/arm-none-eabi/12.2.1/../../../arm-none-eabi/bin/
LIBRARY_PATH=/usr/lib/gcc/arm-none-eabi/12.2.1/:/usr/lib/gcc/arm-none-eabi/12.2.1/../../../arm-none-eabi/lib/
COLLECT_GCC_OPTIONS='-fdiagnostics-color=always' '-v' '-o' 'CMakeFiles/cmTC_b00d9.dir/CMakeCXXCompilerABI.cpp.obj' '-c' '-mcpu=arm7tdmi' '-mfloat-abi=soft' '-marm' '-mlibarch=armv4t' '-march=armv4t' '-dumpdir' 'CMakeFiles/cmTC_b00d9.dir/CMakeCXXCompilerABI.cpp.'
Linking CXX static library libcmTC_b00d9.a
/snap/clion/241/bin/cmake/linux/x64/bin/cmake -P CMakeFiles/cmTC_b00d9.dir/cmake_clean_target.cmake
/snap/clion/241/bin/cmake/linux/x64/bin/cmake -E cmake_link_script CMakeFiles/cmTC_b00d9.dir/link.txt --verbose=1
arm-none-eabi-ar qc libcmTC_b00d9.a CMakeFiles/cmTC_b00d9.dir/CMakeCXXCompilerABI.cpp.obj
/usr/bin/arm-none-eabi-ranlib libcmTC_b00d9.a
gmake[1]: Leaving directory '/home/tony/2STM32workspace/ClionProjects/Servo_PID/cmake-build-debug-stm32/CMakeFiles/CMakeScratch/TryCompile-mQGrl1'



Parsed CXX implicit include dir info from above output: rv=done
  found start of include info
  found start of implicit include info
    add: [/usr/lib/gcc/arm-none-eabi/12.2.1/../../../arm-none-eabi/include/c++/12.2.1]
    add: [/usr/lib/gcc/arm-none-eabi/12.2.1/../../../arm-none-eabi/include/c++/12.2.1/arm-none-eabi]
    add: [/usr/lib/gcc/arm-none-eabi/12.2.1/../../../arm-none-eabi/include/c++/12.2.1/backward]
    add: [/usr/lib/gcc/arm-none-eabi/12.2.1/include]
    add: [/usr/lib/gcc/arm-none-eabi/12.2.1/include-fixed]
    add: [/usr/lib/gcc/arm-none-eabi/12.2.1/../../../arm-none-eabi/include]
  end of search list found
  collapse include dir [/usr/lib/gcc/arm-none-eabi/12.2.1/../../../arm-none-eabi/include/c++/12.2.1] ==> [/usr/lib/arm-none-eabi/include/c++/12.2.1]
  collapse include dir [/usr/lib/gcc/arm-none-eabi/12.2.1/../../../arm-none-eabi/include/c++/12.2.1/arm-none-eabi] ==> [/usr/lib/arm-none-eabi/include/c++/12.2.1/arm-none-eabi]
  collapse include dir [/usr/lib/gcc/arm-none-eabi/12.2.1/../../../arm-none-eabi/include/c++/12.2.1/backward] ==> [/usr/lib/arm-none-eabi/include/c++/12.2.1/backward]
  collapse include dir [/usr/lib/gcc/arm-none-eabi/12.2.1/include] ==> [/usr/lib/gcc/arm-none-eabi/12.2.1/include]
  collapse include dir [/usr/lib/gcc/arm-none-eabi/12.2.1/include-fixed] ==> [/usr/lib/gcc/arm-none-eabi/12.2.1/include-fixed]
  collapse include dir [/usr/lib/gcc/arm-none-eabi/12.2.1/../../../arm-none-eabi/include] ==> [/usr/lib/arm-none-eabi/include]
  implicit include dirs: [/usr/lib/arm-none-eabi/include/c++/12.2.1;/usr/lib/arm-none-eabi/include/c++/12.2.1/arm-none-eabi;/usr/lib/arm-none-eabi/include/c++/12.2.1/backward;/usr/lib/gcc/arm-none-eabi/12.2.1/include;/usr/lib/gcc/arm-none-eabi/12.2.1/include-fixed;/usr/lib/arm-none-eabi/include]


Parsed CXX implicit link information from above output:
  link line regex: [^( *|.*[/\])(arm-none-eabi-ld|CMAKE_LINK_STARTFILE-NOTFOUND|([^/\]+-)?ld|collect2)[^/\]*( |$)]
  ignore line: [Change Dir: /home/tony/2STM32workspace/ClionProjects/Servo_PID/cmake-build-debug-stm32/CMakeFiles/CMakeScratch/TryCompile-mQGrl1]
  ignore line: []
  ignore line: [Run Build Command(s):/usr/bin/gmake -f Makefile cmTC_b00d9/fast && /usr/bin/gmake  -f CMakeFiles/cmTC_b00d9.dir/build.make CMakeFiles/cmTC_b00d9.dir/build]
  ignore line: [gmake[1]: Entering directory '/home/tony/2STM32workspace/ClionProjects/Servo_PID/cmake-build-debug-stm32/CMakeFiles/CMakeScratch/TryCompile-mQGrl1']
  ignore line: [Building CXX object CMakeFiles/cmTC_b00d9.dir/CMakeCXXCompilerABI.cpp.obj]
  ignore line: [/usr/bin/arm-none-eabi-g++   -fdiagnostics-color=always   -v -o CMakeFiles/cmTC_b00d9.dir/CMakeCXXCompilerABI.cpp.obj -c /snap/clion/241/bin/cmake/linux/x64/share/cmake-3.25/Modules/CMakeCXXCompilerABI.cpp]
  ignore line: [Using built-in specs.]
  ignore line: [COLLECT_GCC=/usr/bin/arm-none-eabi-g++]
  ignore line: [Target: arm-none-eabi]
  ignore line: [Configured with: ../configure --build=x86_64-linux-gnu --prefix=/usr --includedir='/usr/lib/include' --mandir='/usr/lib/share/man' --infodir='/usr/lib/share/info' --sysconfdir=/etc --localstatedir=/var --disable-option-checking --disable-silent-rules --libdir='/usr/lib/lib/x86_64-linux-gnu' --libexecdir='/usr/lib/lib/x86_64-linux-gnu' --disable-maintainer-mode --disable-dependency-tracking --mandir=/usr/share/man --enable-languages=c,c++,lto --enable-multilib --disable-decimal-float --disable-libffi --disable-libgomp --disable-libmudflap --disable-libquadmath --disable-libssp --disable-libstdcxx-pch --disable-nls --disable-shared --disable-threads --enable-tls --build=x86_64-linux-gnu --target=arm-none-eabi --with-system-zlib --with-gnu-as --with-gnu-ld --with-pkgversion=15:12.2.rel1-1 --without-included-gettext --prefix=/usr/lib --infodir=/usr/share/doc/gcc-arm-none-eabi/info --htmldir=/usr/share/doc/gcc-arm-none-eabi/html --pdfdir=/usr/share/doc/gcc-arm-none-eabi/pdf --bindir=/usr/bin --libexecdir=/usr/lib --libdir=/usr/lib --disable-libstdc++-v3 --host=x86_64-linux-gnu --with-headers=no --without-newlib --with-multilib-list=rmprofile,aprofile ASFLAGS= CFLAGS='-g -O2 -ffile-prefix-map=/build/gcc-arm-none-eabi-w8dugU/gcc-arm-none-eabi-12.2.rel1=. -fdebug-prefix-map=/build/gcc-arm-none-eabi-w8dugU/gcc-arm-none-eabi-12.2.rel1=/usr/src/gcc-arm-none-eabi-15:12.2.rel1-1 -flto=auto -ffat-lto-objects -flto=auto -ffat-lto-objects -fstack-protector-strong' CPPFLAGS='-Wdate-time -D_FORTIFY_SOURCE=2' CXXFLAGS='-g -O2 -ffile-prefix-map=/build/gcc-arm-none-eabi-w8dugU/gcc-arm-none-eabi-12.2.rel1=. -fdebug-prefix-map=/build/gcc-arm-none-eabi-w8dugU/gcc-arm-none-eabi-12.2.rel1=/usr/src/gcc-arm-none-eabi-15:12.2.rel1-1 -flto=auto -ffat-lto-objects -flto=auto -ffat-lto-objects -fstack-protector-strong' DFLAGS=-frelease FCFLAGS='-g -O2 -ffile-prefix-map=/build/gcc-arm-none-eabi-w8dugU/gcc-arm-none-eabi-12.2.rel1=. -fdebug-prefix-map=/build/gcc-arm-none-eabi-w8dugU/gcc-arm-none-eabi-12.2.rel1=/usr/src/gcc-arm-none-eabi-15:12.2.rel1-1 -flto=auto -ffat-lto-objects -flto=auto -ffat-lto-objects -fstack-protector-strong' FFLAGS='-g -O2 -ffile-prefix-map=/build/gcc-arm-none-eabi-w8dugU/gcc-arm-none-eabi-12.2.rel1=. -fdebug-prefix-map=/build/gcc-arm-none-eabi-w8dugU/gcc-arm-none-eabi-12.2.rel1=/usr/src/gcc-arm-none-eabi-15:12.2.rel1-1 -flto=auto -ffat-lto-objects -flto=auto -ffat-lto-objects -fstack-protector-strong' GCJFLAGS='-g -O2 -ffile-prefix-map=/build/gcc-arm-none-eabi-w8dugU/gcc-arm-none-eabi-12.2.rel1=. -fdebug-prefix-map=/build/gcc-arm-none-eabi-w8dugU/gcc-arm-none-eabi-12.2.rel1=/usr/src/gcc-arm-none-eabi-15:12.2.rel1-1 -flto=auto -ffat-lto-objects -fstack-protector-strong' LDFLAGS='-Wl,-Bsymbolic-functions -flto=auto -ffat-lto-objects -flto=auto -Wl,-z,relro' OBJCFLAGS='-g -O2 -ffile-prefix-map=/build/gcc-arm-none-eabi-w8dugU/gcc-arm-none-eabi-12.2.rel1=. -fdebug-prefix-map=/build/gcc-arm-none-eabi-w8dugU/gcc-arm-none-eabi-12.2.rel1=/usr/src/gcc-arm-none-eabi-15:12.2.rel1-1 -flto=auto -ffat-lto-objects -flto=auto -ffat-lto-objects -fstack-protector-strong' OBJCXXFLAGS='-g -O2 -ffile-prefix-map=/build/gcc-arm-none-eabi-w8dugU/gcc-arm-none-eabi-12.2.rel1=. -fdebug-prefix-map=/build/gcc-arm-none-eabi-w8dugU/gcc-arm-none-eabi-12.2.rel1=/usr/src/gcc-arm-none-eabi-15:12.2.rel1-1 -flto=auto -ffat-lto-objects -flto=auto -ffat-lto-objects -fstack-protector-strong' INHIBIT_LIBC_CFLAGS=-DUSE_TM_CLONE_REGISTRY=0 AR_FOR_TARGET=arm-none-eabi-ar AS_FOR_TARGET=arm-none-eabi-as LD_FOR_TARGET=arm-none-eabi-ld NM_FOR_TARGET=arm-none-eabi-nm OBJDUMP_FOR_TARGET=arm-none-eabi-objdump RANLIB_FOR_TARGET=arm-none-eabi-ranlib READELF_FOR_TARGET=arm-none-eabi-readelf STRIP_FOR_TARGET=arm-none-eabi-strip SED=/bin/sed SHELL=/bin/sh BASH=/bin/bash CONFIG_SHELL=/bin/bash]
  ignore line: [Thread model: single]
  ignore line: [Supported LTO compression algorithms: zlib]
  ignore line: [gcc version 12.2.1 20221205 (15:12.2.rel1-1) ]
  ignore line: [COLLECT_GCC_OPTIONS='-fdiagnostics-color=always' '-v' '-o' 'CMakeFiles/cmTC_b00d9.dir/CMakeCXXCompilerABI.cpp.obj' '-c' '-mcpu=arm7tdmi' '-mfloat-abi=soft' '-marm' '-mlibarch=armv4t' '-march=armv4t' '-dumpdir' 'CMakeFiles/cmTC_b00d9.dir/']
  ignore line: [ /usr/lib/gcc/arm-none-eabi/12.2.1/cc1plus -quiet -v -D__USES_INITFINI__ /snap/clion/241/bin/cmake/linux/x64/share/cmake-3.25/Modules/CMakeCXXCompilerABI.cpp -quiet -dumpdir CMakeFiles/cmTC_b00d9.dir/ -dumpbase CMakeCXXCompilerABI.cpp.cpp -dumpbase-ext .cpp -mcpu=arm7tdmi -mfloat-abi=soft -marm -mlibarch=armv4t -march=armv4t -version -fdiagnostics-color=always -o /tmp/cck29COW.s]
  ignore line: [GNU C++17 (15:12.2.rel1-1) version 12.2.1 20221205 (arm-none-eabi)]
  ignore line: [	compiled by GNU C version 12.2.0  GMP version 6.2.1  MPFR version 4.1.0  MPC version 1.2.1  isl version isl-0.25-GMP]
  ignore line: []
  ignore line: [warning: MPFR header version 4.1.0 differs from library version 4.2.0.]
  ignore line: [warning: MPC header version 1.2.1 differs from library version 1.3.1.]
  ignore line: [GGC heuristics: --param ggc-min-expand=100 --param ggc-min-heapsize=131072]
  ignore line: [ignoring nonexistent directory "/usr/lib/gcc/arm-none-eabi/12.2.1/../../../arm-none-eabi/sys-include"]
  ignore line: [#include "..." search starts here:]
  ignore line: [#include <...> search starts here:]
  ignore line: [ /usr/lib/gcc/arm-none-eabi/12.2.1/../../../arm-none-eabi/include/c++/12.2.1]
  ignore line: [ /usr/lib/gcc/arm-none-eabi/12.2.1/../../../arm-none-eabi/include/c++/12.2.1/arm-none-eabi]
  ignore line: [ /usr/lib/gcc/arm-none-eabi/12.2.1/../../../arm-none-eabi/include/c++/12.2.1/backward]
  ignore line: [ /usr/lib/gcc/arm-none-eabi/12.2.1/include]
  ignore line: [ /usr/lib/gcc/arm-none-eabi/12.2.1/include-fixed]
  ignore line: [ /usr/lib/gcc/arm-none-eabi/12.2.1/../../../arm-none-eabi/include]
  ignore line: [End of search list.]
  ignore line: [GNU C++17 (15:12.2.rel1-1) version 12.2.1 20221205 (arm-none-eabi)]
  ignore line: [	compiled by GNU C version 12.2.0  GMP version 6.2.1  MPFR version 4.1.0  MPC version 1.2.1  isl version isl-0.25-GMP]
  ignore line: []
  ignore line: [warning: MPFR header version 4.1.0 differs from library version 4.2.0.]
  ignore line: [warning: MPC header version 1.2.1 differs from library version 1.3.1.]
  ignore line: [GGC heuristics: --param ggc-min-expand=100 --param ggc-min-heapsize=131072]
  ignore line: [Compiler executable checksum: f3486e42438581575161d0adf98e17e5]
  ignore line: [COLLECT_GCC_OPTIONS='-fdiagnostics-color=always' '-v' '-o' 'CMakeFiles/cmTC_b00d9.dir/CMakeCXXCompilerABI.cpp.obj' '-c' '-mcpu=arm7tdmi' '-mfloat-abi=soft' '-marm' '-mlibarch=armv4t' '-march=armv4t' '-dumpdir' 'CMakeFiles/cmTC_b00d9.dir/']
  ignore line: [ /usr/lib/gcc/arm-none-eabi/12.2.1/../../../arm-none-eabi/bin/as -v -march=armv4t -mfloat-abi=soft -meabi=5 -o CMakeFiles/cmTC_b00d9.dir/CMakeCXXCompilerABI.cpp.obj /tmp/cck29COW.s]
  ignore line: [GNU assembler version 2.39 (arm-none-eabi) using BFD version (2.39-1ubuntu1+17ubuntu1) 2.39]
  ignore line: [COMPILER_PATH=/usr/lib/gcc/arm-none-eabi/12.2.1/:/usr/lib/gcc/arm-none-eabi/12.2.1/:/usr/lib/gcc/arm-none-eabi/:/usr/lib/gcc/arm-none-eabi/12.2.1/:/usr/lib/gcc/arm-none-eabi/:/usr/lib/gcc/arm-none-eabi/12.2.1/../../../arm-none-eabi/bin/]
  ignore line: [LIBRARY_PATH=/usr/lib/gcc/arm-none-eabi/12.2.1/:/usr/lib/gcc/arm-none-eabi/12.2.1/../../../arm-none-eabi/lib/]
  ignore line: [COLLECT_GCC_OPTIONS='-fdiagnostics-color=always' '-v' '-o' 'CMakeFiles/cmTC_b00d9.dir/CMakeCXXCompilerABI.cpp.obj' '-c' '-mcpu=arm7tdmi' '-mfloat-abi=soft' '-marm' '-mlibarch=armv4t' '-march=armv4t' '-dumpdir' 'CMakeFiles/cmTC_b00d9.dir/CMakeCXXCompilerABI.cpp.']
  ignore line: [Linking CXX static library libcmTC_b00d9.a]
  ignore line: [/snap/clion/241/bin/cmake/linux/x64/bin/cmake -P CMakeFiles/cmTC_b00d9.dir/cmake_clean_target.cmake]
  ignore line: [/snap/clion/241/bin/cmake/linux/x64/bin/cmake -E cmake_link_script CMakeFiles/cmTC_b00d9.dir/link.txt --verbose=1]
  ignore line: [arm-none-eabi-ar qc libcmTC_b00d9.a CMakeFiles/cmTC_b00d9.dir/CMakeCXXCompilerABI.cpp.obj]
  ignore line: [/usr/bin/arm-none-eabi-ranlib libcmTC_b00d9.a]
  ignore line: [gmake[1]: Leaving directory '/home/tony/2STM32workspace/ClionProjects/Servo_PID/cmake-build-debug-stm32/CMakeFiles/CMakeScratch/TryCompile-mQGrl1']
  ignore line: []
  ignore line: []
  implicit libs: []
  implicit objs: []
  implicit dirs: []
  implicit fwks: []


